<?xml version="1.0" encoding="UTF-8"?>
<testsuites name="TestAddProduct" time="31" tests="0" failures="2" errors="0">
   <testsuite name="TestAddProduct" tests="0" failures="2" errors="0" time="31" timestamp="2018-05-09 12:01:33" hostname="weapon - 10.80.153.230" id="Test Suites/TestAddProduct">
      <properties>
         <property name="deviceName" value=""/>
         <property name="devicePlatform" value=""/>
         <property name="logFolder" value="C:\\Users\\weapon\\Desktop\\SE234-project\\Reports\\TestAddProduct\\20180509_120131"/>
         <property name="logFiles" value="C:\\Users\\weapon\\Desktop\\SE234-project\\Reports\\TestAddProduct\\20180509_120131\\execution0.log"/>
         <property name="attachments" value="C:\\Users\\weapon\\Desktop\\SE234-project\\Reports\\TestAddProduct\\20180509_120131\\1525842107844.png, C:\\Users\\weapon\\Desktop\\SE234-project\\Reports\\TestAddProduct\\20180509_120131\\1525842108291.png, C:\\Users\\weapon\\Desktop\\SE234-project\\Reports\\TestAddProduct\\20180509_120131\\1525842123353.png, C:\\Users\\weapon\\Desktop\\SE234-project\\Reports\\TestAddProduct\\20180509_120131\\1525842123695.png"/>
         <property name="hostName" value="weapon - 10.80.153.230"/>
         <property name="os" value="Windows 10 64bit"/>
         <property name="katalonVersion" value="5.3.1.1"/>
         <property name="browser" value="Chrome 65.0.3325.181"/>
         <property name="hostAddress" value="10.80.153.230"/>
         <property name="sessionId" value="f94d0ade6a59a5fda03b39ff770063e0"/>
         <property name="seleniumVersion" value="3.7.1"/>
         <property name="proxyInformation" value="ProxyInformation{proxyOption=NO_PROXY, proxyServerType=HTTP, password=, proxyServerAddress=, proxyServerPort=0}"/>
         <property name="platform" value="Windows 10"/>
      </properties>
      <testcase name="Test Cases/TESTCASE-B" classname="Test Cases/TESTCASE-B" status="FAILED">
         <failure type="FAILED" message="Verify element text of test object 'Object Repository/Page_AddProduct/div_already added' FAILED. (Root cause: Actual text 'already added' and expected text '' of test object 'Object Repository/Page_AddProduct/div_already added' are NOT matched.)"/>
         <system-out><![CDATA[2018-05-09 12:01:34 - [TEST_CASE][FAILED] - Test Cases/TESTCASE-B: Test Cases/TESTCASE-B FAILED because (of) Verify element text of test object 'Object Repository/Page_AddProduct/div_already added' FAILED. (Root cause: Actual text 'already added' and expected text '' of test object 'Object Repository/Page_AddProduct/div_already added' are NOT matched.)

2018-05-09 12:01:34 - [TEST_STEP][PASSED] - openBrowser: Browser is opened with url: ''

2018-05-09 12:01:38 - [MESSAGE][PASSED] - Browser is opened with url: ''

2018-05-09 12:01:38 - [TEST_STEP][PASSED] - navigateToUrl: Navigate to 'http://52.39.163.150:8091/' successfully

2018-05-09 12:01:44 - [MESSAGE][PASSED] - Navigate to 'http://52.39.163.150:8091/' successfully

2018-05-09 12:01:44 - [TEST_STEP][PASSED] - setText: Text 'user' is set on object 'Object Repository/Page_AddProduct/input_username'

2018-05-09 12:01:45 - [MESSAGE][PASSED] - Text 'user' is set on object 'Object Repository/Page_AddProduct/input_username'

2018-05-09 12:01:45 - [TEST_STEP][PASSED] - setText: Text 'user' is set on object 'Object Repository/Page_AddProduct/input_password'

2018-05-09 12:01:45 - [MESSAGE][PASSED] - Text 'user' is set on object 'Object Repository/Page_AddProduct/input_password'

2018-05-09 12:01:45 - [TEST_STEP][PASSED] - click: Object: 'Object Repository/Page_AddProduct/button_Login' is clicked on

2018-05-09 12:01:45 - [MESSAGE][PASSED] - Object: 'Object Repository/Page_AddProduct/button_Login' is clicked on

2018-05-09 12:01:45 - [TEST_STEP][PASSED] - click: Object: 'Object Repository/Page_AddProduct/h5_Garden' is clicked on

2018-05-09 12:01:47 - [MESSAGE][PASSED] - Object: 'Object Repository/Page_AddProduct/h5_Garden' is clicked on

2018-05-09 12:01:47 - [TEST_STEP][PASSED] - click: Object: 'Object Repository/Page_AddProduct/button_add to cart' is clicked on

2018-05-09 12:01:47 - [MESSAGE][PASSED] - Object: 'Object Repository/Page_AddProduct/button_add to cart' is clicked on

2018-05-09 12:01:47 - [TEST_STEP][FAILED] - verifyElementText: Verify element text of test object 'Object Repository/Page_AddProduct/div_already added' FAILED. (Root cause: Actual text 'already added' and expected text '' of test object 'Object Repository/Page_AddProduct/div_already added' are NOT matched.)

2018-05-09 12:01:48 - [MESSAGE][FAILED] - Actual text 'already added' and expected text '' of test object 'Object Repository/Page_AddProduct/div_already added' are NOT matched.
[[ATTACHMENT|C:\\Users\\weapon\\Desktop\\SE234-project\\Reports\\TestAddProduct\\20180509_120131\\1525842107844.png]]

2018-05-09 12:01:48 - [MESSAGE][FAILED] - Verify element text of test object 'Object Repository/Page_AddProduct/div_already added' FAILED. (Root cause: Actual text 'already added' and expected text '' of test object 'Object Repository/Page_AddProduct/div_already added' are NOT matched.)
[[ATTACHMENT|C:\\Users\\weapon\\Desktop\\SE234-project\\Reports\\TestAddProduct\\20180509_120131\\1525842108291.png]]]]></system-out>
         <system-err><![CDATA[2018-05-09 12:01:34 - [TEST_CASE][FAILED] - Test Cases/TESTCASE-B: Test Cases/TESTCASE-B FAILED because (of) Verify element text of test object 'Object Repository/Page_AddProduct/div_already added' FAILED. (Root cause: Actual text 'already added' and expected text '' of test object 'Object Repository/Page_AddProduct/div_already added' are NOT matched.)]]></system-err>
      </testcase>
      <testcase name="Test Cases/TESTCASE-B" classname="Test Cases/TESTCASE-B" status="FAILED">
         <failure type="FAILED" message="Verify element text of test object 'Object Repository/Page_AddProduct/div_already added' FAILED. (Root cause: Actual text 'already added' and expected text '' of test object 'Object Repository/Page_AddProduct/div_already added' are NOT matched.)"/>
         <system-out><![CDATA[2018-05-09 12:01:48 - [TEST_CASE][FAILED] - Test Cases/TESTCASE-B: Test Cases/TESTCASE-B FAILED because (of) Verify element text of test object 'Object Repository/Page_AddProduct/div_already added' FAILED. (Root cause: Actual text 'already added' and expected text '' of test object 'Object Repository/Page_AddProduct/div_already added' are NOT matched.)

2018-05-09 12:01:48 - [TEST_STEP][PASSED] - openBrowser: Browser is opened with url: ''

2018-05-09 12:01:48 - [MESSAGE][WARNING] - A browser is already opened. Closing browser and opening a new one

2018-05-09 12:01:52 - [MESSAGE][PASSED] - Browser is opened with url: ''

2018-05-09 12:01:52 - [TEST_STEP][PASSED] - navigateToUrl: Navigate to 'http://52.39.163.150:8091/' successfully

2018-05-09 12:02:00 - [MESSAGE][PASSED] - Navigate to 'http://52.39.163.150:8091/' successfully

2018-05-09 12:02:00 - [TEST_STEP][PASSED] - setText: Text 'hello' is set on object 'Object Repository/Page_AddProduct/input_username'

2018-05-09 12:02:01 - [MESSAGE][PASSED] - Text 'hello' is set on object 'Object Repository/Page_AddProduct/input_username'

2018-05-09 12:02:01 - [TEST_STEP][PASSED] - setText: Text 'hello' is set on object 'Object Repository/Page_AddProduct/input_password'

2018-05-09 12:02:01 - [MESSAGE][PASSED] - Text 'hello' is set on object 'Object Repository/Page_AddProduct/input_password'

2018-05-09 12:02:01 - [TEST_STEP][PASSED] - click: Object: 'Object Repository/Page_AddProduct/button_Login' is clicked on

2018-05-09 12:02:01 - [MESSAGE][PASSED] - Object: 'Object Repository/Page_AddProduct/button_Login' is clicked on

2018-05-09 12:02:01 - [TEST_STEP][PASSED] - click: Object: 'Object Repository/Page_AddProduct/h5_Garden' is clicked on

2018-05-09 12:02:03 - [MESSAGE][PASSED] - Object: 'Object Repository/Page_AddProduct/h5_Garden' is clicked on

2018-05-09 12:02:03 - [TEST_STEP][PASSED] - click: Object: 'Object Repository/Page_AddProduct/button_add to cart' is clicked on

2018-05-09 12:02:03 - [MESSAGE][PASSED] - Object: 'Object Repository/Page_AddProduct/button_add to cart' is clicked on

2018-05-09 12:02:03 - [TEST_STEP][FAILED] - verifyElementText: Verify element text of test object 'Object Repository/Page_AddProduct/div_already added' FAILED. (Root cause: Actual text 'already added' and expected text '' of test object 'Object Repository/Page_AddProduct/div_already added' are NOT matched.)

2018-05-09 12:02:03 - [MESSAGE][FAILED] - Actual text 'already added' and expected text '' of test object 'Object Repository/Page_AddProduct/div_already added' are NOT matched.
[[ATTACHMENT|C:\\Users\\weapon\\Desktop\\SE234-project\\Reports\\TestAddProduct\\20180509_120131\\1525842123353.png]]

2018-05-09 12:02:03 - [MESSAGE][FAILED] - Verify element text of test object 'Object Repository/Page_AddProduct/div_already added' FAILED. (Root cause: Actual text 'already added' and expected text '' of test object 'Object Repository/Page_AddProduct/div_already added' are NOT matched.)
[[ATTACHMENT|C:\\Users\\weapon\\Desktop\\SE234-project\\Reports\\TestAddProduct\\20180509_120131\\1525842123695.png]]]]></system-out>
         <system-err><![CDATA[2018-05-09 12:01:48 - [TEST_CASE][FAILED] - Test Cases/TESTCASE-B: Test Cases/TESTCASE-B FAILED because (of) Verify element text of test object 'Object Repository/Page_AddProduct/div_already added' FAILED. (Root cause: Actual text 'already added' and expected text '' of test object 'Object Repository/Page_AddProduct/div_already added' are NOT matched.)]]></system-err>
      </testcase>
      <system-out><![CDATA[2018-05-09 12:01:33 - [TEST_SUITE][FAILED] - TestAddProduct: Test Cases/TESTCASE-B FAILED because (of) Verify element text of test object 'Object Repository/Page_AddProduct/div_already added' FAILED. (Root cause: Actual text 'already added' and expected text '' of test object 'Object Repository/Page_AddProduct/div_already added' are NOT matched.)]]></system-out>
      <system-err><![CDATA[2018-05-09 12:01:33 - [TEST_SUITE][FAILED] - TestAddProduct: Test Cases/TESTCASE-B FAILED because (of) Verify element text of test object 'Object Repository/Page_AddProduct/div_already added' FAILED. (Root cause: Actual text 'already added' and expected text '' of test object 'Object Repository/Page_AddProduct/div_already added' are NOT matched.)]]></system-err>
   </testsuite>
</testsuites>
