<?xml version="1.0" encoding="UTF-8"?>
<testsuites name="Test Suite 2" time="21" tests="0" failures="3" errors="0">
   <testsuite name="Test Suite 2" tests="0" failures="3" errors="0" time="21" timestamp="2018-05-08 22:25:13" hostname="ASUS - DESKTOP-FD17HEO" id="Test Suites/Test Suite 2">
      <properties>
         <property name="deviceName" value=""/>
         <property name="devicePlatform" value=""/>
         <property name="logFolder" value="C:\\Users\\ASUS\\Katalon Studio\\SE234-project\\Reports\\Test Suite 2\\20180508_222512"/>
         <property name="logFiles" value="C:\\Users\\ASUS\\Katalon Studio\\SE234-project\\Reports\\Test Suite 2\\20180508_222512\\execution0.log"/>
         <property name="attachments" value="C:\\Users\\ASUS\\Katalon Studio\\SE234-project\\Reports\\Test Suite 2\\20180508_222512\\1525793120608.png, C:\\Users\\ASUS\\Katalon Studio\\SE234-project\\Reports\\Test Suite 2\\20180508_222512\\1525793127537.png, C:\\Users\\ASUS\\Katalon Studio\\SE234-project\\Reports\\Test Suite 2\\20180508_222512\\1525793134210.png"/>
         <property name="hostName" value="ASUS - DESKTOP-FD17HEO"/>
         <property name="os" value="Windows 10 64bit"/>
         <property name="katalonVersion" value="5.3.1.1"/>
         <property name="browser" value="Chrome 66.0.3359.139"/>
         <property name="hostAddress" value="192.168.0.109"/>
         <property name="sessionId" value="676f43cb70d45162651e235fa9ca7b2a"/>
         <property name="seleniumVersion" value="3.7.1"/>
         <property name="proxyInformation" value="ProxyInformation{proxyOption=NO_PROXY, proxyServerType=HTTP, password=, proxyServerAddress=, proxyServerPort=0}"/>
         <property name="platform" value="Windows 10"/>
      </properties>
      <testcase name="Test Cases/TESTCASE2" classname="Test Cases/TESTCASE2" status="FAILED">
         <failure type="FAILED" message="Unable to set text (Root cause: java.lang.IllegalArgumentException: Object is null)"/>
         <system-out><![CDATA[2018-05-08 22:25:13 - [TEST_CASE][FAILED] - Test Cases/TESTCASE2: Test Cases/TESTCASE2 FAILED because (of) Unable to set text (Root cause: java.lang.IllegalArgumentException: Object is null)

2018-05-08 22:25:13 - [TEST_STEP][PASSED] - openBrowser: Browser is opened with url: ''

2018-05-08 22:25:16 - [MESSAGE][PASSED] - Browser is opened with url: ''

2018-05-08 22:25:16 - [TEST_STEP][PASSED] - navigateToUrl: Navigate to 'http://52.39.163.150:8091/' successfully

2018-05-08 22:25:20 - [MESSAGE][PASSED] - Navigate to 'http://52.39.163.150:8091/' successfully

2018-05-08 22:25:20 - [TEST_STEP][FAILED] - setText: Unable to set text (Root cause: java.lang.IllegalArgumentException: Object is null)

2018-05-08 22:25:20 - [MESSAGE][WARNING] - Test object with id 'Object Repository/null' does not exist

2018-05-08 22:25:20 - [MESSAGE][WARNING] - Test object with id 'Object Repository/' does not exist

2018-05-08 22:25:20 - [MESSAGE][FAILED] - Unable to set text (Root cause: java.lang.IllegalArgumentException: Object is null)
[[ATTACHMENT|C:\\Users\\ASUS\\Katalon Studio\\SE234-project\\Reports\\Test Suite 2\\20180508_222512\\1525793120608.png]]]]></system-out>
         <system-err><![CDATA[2018-05-08 22:25:13 - [TEST_CASE][FAILED] - Test Cases/TESTCASE2: Test Cases/TESTCASE2 FAILED because (of) Unable to set text (Root cause: java.lang.IllegalArgumentException: Object is null)]]></system-err>
      </testcase>
      <testcase name="Test Cases/TESTCASE2" classname="Test Cases/TESTCASE2" status="FAILED">
         <failure type="FAILED" message="Unable to set text (Root cause: java.lang.IllegalArgumentException: Object is null)"/>
         <system-out><![CDATA[2018-05-08 22:25:20 - [TEST_CASE][FAILED] - Test Cases/TESTCASE2: Test Cases/TESTCASE2 FAILED because (of) Unable to set text (Root cause: java.lang.IllegalArgumentException: Object is null)

2018-05-08 22:25:20 - [TEST_STEP][PASSED] - openBrowser: Browser is opened with url: ''

2018-05-08 22:25:20 - [MESSAGE][WARNING] - A browser is already opened. Closing browser and opening a new one

2018-05-08 22:25:23 - [MESSAGE][PASSED] - Browser is opened with url: ''

2018-05-08 22:25:23 - [TEST_STEP][PASSED] - navigateToUrl: Navigate to 'http://52.39.163.150:8091/' successfully

2018-05-08 22:25:27 - [MESSAGE][PASSED] - Navigate to 'http://52.39.163.150:8091/' successfully

2018-05-08 22:25:27 - [TEST_STEP][FAILED] - setText: Unable to set text (Root cause: java.lang.IllegalArgumentException: Object is null)

2018-05-08 22:25:27 - [MESSAGE][WARNING] - Test object with id 'Object Repository/null' does not exist

2018-05-08 22:25:27 - [MESSAGE][WARNING] - Test object with id 'Object Repository/' does not exist

2018-05-08 22:25:27 - [MESSAGE][FAILED] - Unable to set text (Root cause: java.lang.IllegalArgumentException: Object is null)
[[ATTACHMENT|C:\\Users\\ASUS\\Katalon Studio\\SE234-project\\Reports\\Test Suite 2\\20180508_222512\\1525793127537.png]]]]></system-out>
         <system-err><![CDATA[2018-05-08 22:25:20 - [TEST_CASE][FAILED] - Test Cases/TESTCASE2: Test Cases/TESTCASE2 FAILED because (of) Unable to set text (Root cause: java.lang.IllegalArgumentException: Object is null)]]></system-err>
      </testcase>
      <testcase name="Test Cases/TESTCASE2" classname="Test Cases/TESTCASE2" status="FAILED">
         <failure type="FAILED" message="Unable to set text (Root cause: java.lang.IllegalArgumentException: Object is null)"/>
         <system-out><![CDATA[2018-05-08 22:25:27 - [TEST_CASE][FAILED] - Test Cases/TESTCASE2: Test Cases/TESTCASE2 FAILED because (of) Unable to set text (Root cause: java.lang.IllegalArgumentException: Object is null)

2018-05-08 22:25:27 - [TEST_STEP][PASSED] - openBrowser: Browser is opened with url: ''

2018-05-08 22:25:27 - [MESSAGE][WARNING] - A browser is already opened. Closing browser and opening a new one

2018-05-08 22:25:30 - [MESSAGE][PASSED] - Browser is opened with url: ''

2018-05-08 22:25:30 - [TEST_STEP][PASSED] - navigateToUrl: Navigate to 'http://52.39.163.150:8091/' successfully

2018-05-08 22:25:34 - [MESSAGE][PASSED] - Navigate to 'http://52.39.163.150:8091/' successfully

2018-05-08 22:25:34 - [TEST_STEP][FAILED] - setText: Unable to set text (Root cause: java.lang.IllegalArgumentException: Object is null)

2018-05-08 22:25:34 - [MESSAGE][WARNING] - Test object with id 'Object Repository/null' does not exist

2018-05-08 22:25:34 - [MESSAGE][WARNING] - Test object with id 'Object Repository/' does not exist

2018-05-08 22:25:34 - [MESSAGE][FAILED] - Unable to set text (Root cause: java.lang.IllegalArgumentException: Object is null)
[[ATTACHMENT|C:\\Users\\ASUS\\Katalon Studio\\SE234-project\\Reports\\Test Suite 2\\20180508_222512\\1525793134210.png]]]]></system-out>
         <system-err><![CDATA[2018-05-08 22:25:27 - [TEST_CASE][FAILED] - Test Cases/TESTCASE2: Test Cases/TESTCASE2 FAILED because (of) Unable to set text (Root cause: java.lang.IllegalArgumentException: Object is null)]]></system-err>
      </testcase>
      <system-out><![CDATA[2018-05-08 22:25:13 - [TEST_SUITE][FAILED] - Test Suite 2: Test Cases/TESTCASE2 FAILED because (of) Unable to set text (Root cause: java.lang.IllegalArgumentException: Object is null)]]></system-out>
      <system-err><![CDATA[2018-05-08 22:25:13 - [TEST_SUITE][FAILED] - Test Suite 2: Test Cases/TESTCASE2 FAILED because (of) Unable to set text (Root cause: java.lang.IllegalArgumentException: Object is null)]]></system-err>
   </testsuite>
</testsuites>
