<?xml version="1.0" encoding="UTF-8"?>
<testsuites name="TestShowALLTransactionsAfterAdminClickTotalTransaction" time="37" tests="0" failures="1" errors="0">
   <testsuite name="TestShowALLTransactionsAfterAdminClickTotalTransaction" tests="0" failures="1" errors="0" time="37" timestamp="2018-05-09 11:55:24" hostname="ASUS - 10.80.151.231" id="Test Suites/TestShowALLTransactionsAfterAdminClickTotalTransaction">
      <properties>
         <property name="deviceName" value=""/>
         <property name="devicePlatform" value=""/>
         <property name="logFolder" value="C:\\Users\\ASUS\\Katalon Studio\\SE234-project\\Reports\\TestShowALLTransactionsAfterAdminClickTotalTransaction\\20180509_115522"/>
         <property name="logFiles" value="C:\\Users\\ASUS\\Katalon Studio\\SE234-project\\Reports\\TestShowALLTransactionsAfterAdminClickTotalTransaction\\20180509_115522\\execution0.log"/>
         <property name="attachments" value="C:\\Users\\ASUS\\Katalon Studio\\SE234-project\\Reports\\TestShowALLTransactionsAfterAdminClickTotalTransaction\\20180509_115522\\1525841760771.png"/>
         <property name="hostName" value="ASUS - 10.80.151.231"/>
         <property name="os" value="Windows 10 64bit"/>
         <property name="katalonVersion" value="5.3.1.1"/>
         <property name="browser" value="Chrome 66.0.3359.139"/>
         <property name="hostAddress" value="10.80.151.231"/>
         <property name="sessionId" value="e26d897c48481e9f24b6614b004fc3a2"/>
         <property name="seleniumVersion" value="3.7.1"/>
         <property name="proxyInformation" value="ProxyInformation{proxyOption=NO_PROXY, proxyServerType=HTTP, password=, proxyServerAddress=, proxyServerPort=0}"/>
         <property name="platform" value="Windows 10"/>
      </properties>
      <testcase name="Test Cases/TESTCASE6" classname="Test Cases/TESTCASE6" status="FAILED">
         <failure type="FAILED" message="Unable to set text (Root cause: java.lang.IllegalArgumentException: Object is null)"/>
         <system-out><![CDATA[2018-05-09 11:55:24 - [TEST_CASE][FAILED] - Test Cases/TESTCASE6: Test Cases/TESTCASE6 FAILED because (of) Unable to set text (Root cause: java.lang.IllegalArgumentException: Object is null)

2018-05-09 11:55:24 - [TEST_STEP][PASSED] - openBrowser: Browser is opened with url: ''

2018-05-09 11:55:27 - [MESSAGE][PASSED] - Browser is opened with url: ''

2018-05-09 11:55:27 - [TEST_STEP][PASSED] - navigateToUrl: Navigate to 'http://52.39.163.150:8091/' successfully

2018-05-09 11:56:00 - [MESSAGE][PASSED] - Navigate to 'http://52.39.163.150:8091/' successfully

2018-05-09 11:56:00 - [TEST_STEP][FAILED] - setText: Unable to set text (Root cause: java.lang.IllegalArgumentException: Object is null)

2018-05-09 11:56:00 - [MESSAGE][WARNING] - Test object with id 'Object Repository/Page_Admin/Page_ProjectBackend/input_username' does not exist

2018-05-09 11:56:00 - [MESSAGE][WARNING] - Test object with id 'Object Repository/' does not exist

2018-05-09 11:56:01 - [MESSAGE][FAILED] - Unable to set text (Root cause: java.lang.IllegalArgumentException: Object is null)
[[ATTACHMENT|C:\\Users\\ASUS\\Katalon Studio\\SE234-project\\Reports\\TestShowALLTransactionsAfterAdminClickTotalTransaction\\20180509_115522\\1525841760771.png]]]]></system-out>
         <system-err><![CDATA[2018-05-09 11:55:24 - [TEST_CASE][FAILED] - Test Cases/TESTCASE6: Test Cases/TESTCASE6 FAILED because (of) Unable to set text (Root cause: java.lang.IllegalArgumentException: Object is null)]]></system-err>
      </testcase>
      <system-out><![CDATA[2018-05-09 11:55:24 - [TEST_SUITE][FAILED] - TestShowALLTransactionsAfterAdminClickTotalTransaction: Test Cases/TESTCASE6 FAILED because (of) Unable to set text (Root cause: java.lang.IllegalArgumentException: Object is null)]]></system-out>
      <system-err><![CDATA[2018-05-09 11:55:24 - [TEST_SUITE][FAILED] - TestShowALLTransactionsAfterAdminClickTotalTransaction: Test Cases/TESTCASE6 FAILED because (of) Unable to set text (Root cause: java.lang.IllegalArgumentException: Object is null)]]></system-err>
   </testsuite>
</testsuites>
