<?xml version="1.0" encoding="UTF-8"?>
<testsuites name="Test Suite A" time="10" tests="0" failures="1" errors="0">
   <testsuite name="Test Suite A" tests="0" failures="1" errors="0" time="10" timestamp="2018-05-08 22:30:43" hostname="ASUS - DESKTOP-FD17HEO" id="Test Suites/Test Suite A">
      <properties>
         <property name="deviceName" value=""/>
         <property name="devicePlatform" value=""/>
         <property name="logFolder" value="C:\\Users\\ASUS\\Katalon Studio\\SE234-project\\Reports\\Test Suite A\\20180508_223042"/>
         <property name="logFiles" value="C:\\Users\\ASUS\\Katalon Studio\\SE234-project\\Reports\\Test Suite A\\20180508_223042\\execution0.log"/>
         <property name="attachments" value="C:\\Users\\ASUS\\Katalon Studio\\SE234-project\\Reports\\Test Suite A\\20180508_223042\\1525793452886.png, C:\\Users\\ASUS\\Katalon Studio\\SE234-project\\Reports\\Test Suite A\\20180508_223042\\1525793453169.png"/>
         <property name="hostName" value="ASUS - DESKTOP-FD17HEO"/>
         <property name="os" value="Windows 10 64bit"/>
         <property name="katalonVersion" value="5.3.1.1"/>
         <property name="browser" value="Chrome 66.0.3359.139"/>
         <property name="hostAddress" value="192.168.0.109"/>
         <property name="sessionId" value="3efe7b28ff9831511076696947bc76db"/>
         <property name="seleniumVersion" value="3.7.1"/>
         <property name="proxyInformation" value="ProxyInformation{proxyOption=NO_PROXY, proxyServerType=HTTP, password=, proxyServerAddress=, proxyServerPort=0}"/>
         <property name="platform" value="Windows 10"/>
      </properties>
      <testcase name="Test Cases/TESTCASE-A" classname="Test Cases/TESTCASE-A" status="FAILED">
         <failure type="FAILED" message="Verify element text of test object 'Object Repository/Page_Product/Page_ProjectBackend/h5_Garden' FAILED. (Root cause: Actual text 'Garden' and expected text 'Banana' of test object 'Object Repository/Page_Product/Page_ProjectBackend/h5_Garden' are NOT matched.)"/>
         <system-out><![CDATA[2018-05-08 22:30:44 - [TEST_CASE][FAILED] - Test Cases/TESTCASE-A: Test Cases/TESTCASE-A FAILED because (of) Verify element text of test object 'Object Repository/Page_Product/Page_ProjectBackend/h5_Garden' FAILED. (Root cause: Actual text 'Garden' and expected text 'Banana' of test object 'Object Repository/Page_Product/Page_ProjectBackend/h5_Garden' are NOT matched.)

2018-05-08 22:30:44 - [TEST_STEP][PASSED] - openBrowser: Browser is opened with url: ''

2018-05-08 22:30:47 - [MESSAGE][PASSED] - Browser is opened with url: ''

2018-05-08 22:30:47 - [TEST_STEP][PASSED] - navigateToUrl: Navigate to 'http://52.39.163.150:8091/' successfully

2018-05-08 22:30:51 - [MESSAGE][PASSED] - Navigate to 'http://52.39.163.150:8091/' successfully

2018-05-08 22:30:51 - [TEST_STEP][PASSED] - setText: Text 'admin' is set on object 'Object Repository/Page_Login/input_username'

2018-05-08 22:30:51 - [MESSAGE][PASSED] - Text 'admin' is set on object 'Object Repository/Page_Login/input_username'

2018-05-08 22:30:51 - [TEST_STEP][PASSED] - setText: Text 'admin' is set on object 'Object Repository/Page_Login/input_password'

2018-05-08 22:30:51 - [MESSAGE][PASSED] - Text 'admin' is set on object 'Object Repository/Page_Login/input_password'

2018-05-08 22:30:51 - [TEST_STEP][PASSED] - click: Object: 'Object Repository/Page_Product/Page_ProjectBackend/button_Login' is clicked on

2018-05-08 22:30:51 - [MESSAGE][PASSED] - Object: 'Object Repository/Page_Product/Page_ProjectBackend/button_Login' is clicked on

2018-05-08 22:30:51 - [TEST_STEP][FAILED] - verifyElementText: Verify element text of test object 'Object Repository/Page_Product/Page_ProjectBackend/h5_Garden' FAILED. (Root cause: Actual text 'Garden' and expected text 'Banana' of test object 'Object Repository/Page_Product/Page_ProjectBackend/h5_Garden' are NOT matched.)

2018-05-08 22:30:53 - [MESSAGE][FAILED] - Actual text 'Garden' and expected text 'Banana' of test object 'Object Repository/Page_Product/Page_ProjectBackend/h5_Garden' are NOT matched.
[[ATTACHMENT|C:\\Users\\ASUS\\Katalon Studio\\SE234-project\\Reports\\Test Suite A\\20180508_223042\\1525793452886.png]]

2018-05-08 22:30:53 - [MESSAGE][FAILED] - Verify element text of test object 'Object Repository/Page_Product/Page_ProjectBackend/h5_Garden' FAILED. (Root cause: Actual text 'Garden' and expected text 'Banana' of test object 'Object Repository/Page_Product/Page_ProjectBackend/h5_Garden' are NOT matched.)
[[ATTACHMENT|C:\\Users\\ASUS\\Katalon Studio\\SE234-project\\Reports\\Test Suite A\\20180508_223042\\1525793453169.png]]]]></system-out>
         <system-err><![CDATA[2018-05-08 22:30:44 - [TEST_CASE][FAILED] - Test Cases/TESTCASE-A: Test Cases/TESTCASE-A FAILED because (of) Verify element text of test object 'Object Repository/Page_Product/Page_ProjectBackend/h5_Garden' FAILED. (Root cause: Actual text 'Garden' and expected text 'Banana' of test object 'Object Repository/Page_Product/Page_ProjectBackend/h5_Garden' are NOT matched.)]]></system-err>
      </testcase>
      <system-out><![CDATA[2018-05-08 22:30:43 - [TEST_SUITE][FAILED] - Test Suite A: Test Cases/TESTCASE-A FAILED because (of) Verify element text of test object 'Object Repository/Page_Product/Page_ProjectBackend/h5_Garden' FAILED. (Root cause: Actual text 'Garden' and expected text 'Banana' of test object 'Object Repository/Page_Product/Page_ProjectBackend/h5_Garden' are NOT matched.)]]></system-out>
      <system-err><![CDATA[2018-05-08 22:30:43 - [TEST_SUITE][FAILED] - Test Suite A: Test Cases/TESTCASE-A FAILED because (of) Verify element text of test object 'Object Repository/Page_Product/Page_ProjectBackend/h5_Garden' FAILED. (Root cause: Actual text 'Garden' and expected text 'Banana' of test object 'Object Repository/Page_Product/Page_ProjectBackend/h5_Garden' are NOT matched.)]]></system-err>
   </testsuite>
</testsuites>
