<?xml version="1.0" encoding="UTF-8"?>
<testsuites name="TestAddProduct" time="27" tests="0" failures="2" errors="0">
   <testsuite name="TestAddProduct" tests="0" failures="2" errors="0" time="27" timestamp="2018-05-09 12:09:12" hostname="weapon - 10.80.153.230" id="Test Suites/TestAddProduct">
      <properties>
         <property name="deviceName" value=""/>
         <property name="devicePlatform" value=""/>
         <property name="logFolder" value="C:\\Users\\weapon\\Desktop\\SE234-project\\Reports\\TestAddProduct\\20180509_120910"/>
         <property name="logFiles" value="C:\\Users\\weapon\\Desktop\\SE234-project\\Reports\\TestAddProduct\\20180509_120910\\execution0.log"/>
         <property name="attachments" value="C:\\Users\\weapon\\Desktop\\SE234-project\\Reports\\TestAddProduct\\20180509_120910\\1525842565952.png, C:\\Users\\weapon\\Desktop\\SE234-project\\Reports\\TestAddProduct\\20180509_120910\\1525842566327.png, C:\\Users\\weapon\\Desktop\\SE234-project\\Reports\\TestAddProduct\\20180509_120910\\1525842578175.png, C:\\Users\\weapon\\Desktop\\SE234-project\\Reports\\TestAddProduct\\20180509_120910\\1525842578560.png"/>
         <property name="hostName" value="weapon - 10.80.153.230"/>
         <property name="os" value="Windows 10 64bit"/>
         <property name="katalonVersion" value="5.3.1.1"/>
         <property name="browser" value="Chrome 65.0.3325.181"/>
         <property name="hostAddress" value="10.80.153.230"/>
         <property name="sessionId" value="1c32a831172a0ee24090589cae9eba30"/>
         <property name="seleniumVersion" value="3.7.1"/>
         <property name="proxyInformation" value="ProxyInformation{proxyOption=NO_PROXY, proxyServerType=HTTP, password=, proxyServerAddress=, proxyServerPort=0}"/>
         <property name="platform" value="Windows 10"/>
      </properties>
      <testcase name="Test Cases/TESTCASE-B" classname="Test Cases/TESTCASE-B" status="FAILED">
         <failure type="FAILED" message="Verify element text of test object 'Object Repository/Page_AddProduct/div_already added' FAILED. (Root cause: Actual text 'already added' and expected text '' of test object 'Object Repository/Page_AddProduct/div_already added' are NOT matched.)"/>
         <system-out><![CDATA[2018-05-09 12:09:12 - [TEST_CASE][FAILED] - Test Cases/TESTCASE-B: Test Cases/TESTCASE-B FAILED because (of) Verify element text of test object 'Object Repository/Page_AddProduct/div_already added' FAILED. (Root cause: Actual text 'already added' and expected text '' of test object 'Object Repository/Page_AddProduct/div_already added' are NOT matched.)

2018-05-09 12:09:13 - [TEST_STEP][PASSED] - openBrowser: Browser is opened with url: ''

2018-05-09 12:09:17 - [MESSAGE][PASSED] - Browser is opened with url: ''

2018-05-09 12:09:17 - [TEST_STEP][PASSED] - navigateToUrl: Navigate to 'http://52.39.163.150:8091/' successfully

2018-05-09 12:09:23 - [MESSAGE][PASSED] - Navigate to 'http://52.39.163.150:8091/' successfully

2018-05-09 12:09:23 - [TEST_STEP][PASSED] - setText: Text 'user' is set on object 'Object Repository/Page_AddProduct/input_username'

2018-05-09 12:09:23 - [MESSAGE][PASSED] - Text 'user' is set on object 'Object Repository/Page_AddProduct/input_username'

2018-05-09 12:09:23 - [TEST_STEP][PASSED] - setText: Text 'user' is set on object 'Object Repository/Page_AddProduct/input_password'

2018-05-09 12:09:24 - [MESSAGE][PASSED] - Text 'user' is set on object 'Object Repository/Page_AddProduct/input_password'

2018-05-09 12:09:24 - [TEST_STEP][PASSED] - click: Object: 'Object Repository/Page_AddProduct/button_Login' is clicked on

2018-05-09 12:09:24 - [MESSAGE][PASSED] - Object: 'Object Repository/Page_AddProduct/button_Login' is clicked on

2018-05-09 12:09:24 - [TEST_STEP][PASSED] - click: Object: 'Object Repository/Page_AddProduct/h5_Garden' is clicked on

2018-05-09 12:09:25 - [MESSAGE][PASSED] - Object: 'Object Repository/Page_AddProduct/h5_Garden' is clicked on

2018-05-09 12:09:25 - [TEST_STEP][PASSED] - click: Object: 'Object Repository/Page_AddProduct/button_add to cart' is clicked on

2018-05-09 12:09:25 - [MESSAGE][PASSED] - Object: 'Object Repository/Page_AddProduct/button_add to cart' is clicked on

2018-05-09 12:09:25 - [TEST_STEP][FAILED] - verifyElementText: Verify element text of test object 'Object Repository/Page_AddProduct/div_already added' FAILED. (Root cause: Actual text 'already added' and expected text '' of test object 'Object Repository/Page_AddProduct/div_already added' are NOT matched.)

2018-05-09 12:09:26 - [MESSAGE][FAILED] - Actual text 'already added' and expected text '' of test object 'Object Repository/Page_AddProduct/div_already added' are NOT matched.
[[ATTACHMENT|C:\\Users\\weapon\\Desktop\\SE234-project\\Reports\\TestAddProduct\\20180509_120910\\1525842565952.png]]

2018-05-09 12:09:26 - [MESSAGE][FAILED] - Verify element text of test object 'Object Repository/Page_AddProduct/div_already added' FAILED. (Root cause: Actual text 'already added' and expected text '' of test object 'Object Repository/Page_AddProduct/div_already added' are NOT matched.)
[[ATTACHMENT|C:\\Users\\weapon\\Desktop\\SE234-project\\Reports\\TestAddProduct\\20180509_120910\\1525842566327.png]]]]></system-out>
         <system-err><![CDATA[2018-05-09 12:09:12 - [TEST_CASE][FAILED] - Test Cases/TESTCASE-B: Test Cases/TESTCASE-B FAILED because (of) Verify element text of test object 'Object Repository/Page_AddProduct/div_already added' FAILED. (Root cause: Actual text 'already added' and expected text '' of test object 'Object Repository/Page_AddProduct/div_already added' are NOT matched.)]]></system-err>
      </testcase>
      <testcase name="Test Cases/TESTCASE-B" classname="Test Cases/TESTCASE-B" status="FAILED">
         <failure type="FAILED" message="Verify element text of test object 'Object Repository/Page_AddProduct/div_already added' FAILED. (Root cause: Actual text 'already added' and expected text '' of test object 'Object Repository/Page_AddProduct/div_already added' are NOT matched.)"/>
         <system-out><![CDATA[2018-05-09 12:09:26 - [TEST_CASE][FAILED] - Test Cases/TESTCASE-B: Test Cases/TESTCASE-B FAILED because (of) Verify element text of test object 'Object Repository/Page_AddProduct/div_already added' FAILED. (Root cause: Actual text 'already added' and expected text '' of test object 'Object Repository/Page_AddProduct/div_already added' are NOT matched.)

2018-05-09 12:09:26 - [TEST_STEP][PASSED] - openBrowser: Browser is opened with url: ''

2018-05-09 12:09:26 - [MESSAGE][WARNING] - A browser is already opened. Closing browser and opening a new one

2018-05-09 12:09:30 - [MESSAGE][PASSED] - Browser is opened with url: ''

2018-05-09 12:09:30 - [TEST_STEP][PASSED] - navigateToUrl: Navigate to 'http://52.39.163.150:8091/' successfully

2018-05-09 12:09:36 - [MESSAGE][PASSED] - Navigate to 'http://52.39.163.150:8091/' successfully

2018-05-09 12:09:36 - [TEST_STEP][PASSED] - setText: Text 'hello' is set on object 'Object Repository/Page_AddProduct/input_username'

2018-05-09 12:09:36 - [MESSAGE][PASSED] - Text 'hello' is set on object 'Object Repository/Page_AddProduct/input_username'

2018-05-09 12:09:36 - [TEST_STEP][PASSED] - setText: Text 'hello' is set on object 'Object Repository/Page_AddProduct/input_password'

2018-05-09 12:09:36 - [MESSAGE][PASSED] - Text 'hello' is set on object 'Object Repository/Page_AddProduct/input_password'

2018-05-09 12:09:36 - [TEST_STEP][PASSED] - click: Object: 'Object Repository/Page_AddProduct/button_Login' is clicked on

2018-05-09 12:09:36 - [MESSAGE][PASSED] - Object: 'Object Repository/Page_AddProduct/button_Login' is clicked on

2018-05-09 12:09:36 - [TEST_STEP][PASSED] - click: Object: 'Object Repository/Page_AddProduct/h5_Garden' is clicked on

2018-05-09 12:09:37 - [MESSAGE][PASSED] - Object: 'Object Repository/Page_AddProduct/h5_Garden' is clicked on

2018-05-09 12:09:38 - [TEST_STEP][PASSED] - click: Object: 'Object Repository/Page_AddProduct/button_add to cart' is clicked on

2018-05-09 12:09:38 - [MESSAGE][PASSED] - Object: 'Object Repository/Page_AddProduct/button_add to cart' is clicked on

2018-05-09 12:09:38 - [TEST_STEP][FAILED] - verifyElementText: Verify element text of test object 'Object Repository/Page_AddProduct/div_already added' FAILED. (Root cause: Actual text 'already added' and expected text '' of test object 'Object Repository/Page_AddProduct/div_already added' are NOT matched.)

2018-05-09 12:09:38 - [MESSAGE][FAILED] - Actual text 'already added' and expected text '' of test object 'Object Repository/Page_AddProduct/div_already added' are NOT matched.
[[ATTACHMENT|C:\\Users\\weapon\\Desktop\\SE234-project\\Reports\\TestAddProduct\\20180509_120910\\1525842578175.png]]

2018-05-09 12:09:38 - [MESSAGE][FAILED] - Verify element text of test object 'Object Repository/Page_AddProduct/div_already added' FAILED. (Root cause: Actual text 'already added' and expected text '' of test object 'Object Repository/Page_AddProduct/div_already added' are NOT matched.)
[[ATTACHMENT|C:\\Users\\weapon\\Desktop\\SE234-project\\Reports\\TestAddProduct\\20180509_120910\\1525842578560.png]]]]></system-out>
         <system-err><![CDATA[2018-05-09 12:09:26 - [TEST_CASE][FAILED] - Test Cases/TESTCASE-B: Test Cases/TESTCASE-B FAILED because (of) Verify element text of test object 'Object Repository/Page_AddProduct/div_already added' FAILED. (Root cause: Actual text 'already added' and expected text '' of test object 'Object Repository/Page_AddProduct/div_already added' are NOT matched.)]]></system-err>
      </testcase>
      <system-out><![CDATA[2018-05-09 12:09:12 - [TEST_SUITE][FAILED] - TestAddProduct: Test Cases/TESTCASE-B FAILED because (of) Verify element text of test object 'Object Repository/Page_AddProduct/div_already added' FAILED. (Root cause: Actual text 'already added' and expected text '' of test object 'Object Repository/Page_AddProduct/div_already added' are NOT matched.)]]></system-out>
      <system-err><![CDATA[2018-05-09 12:09:12 - [TEST_SUITE][FAILED] - TestAddProduct: Test Cases/TESTCASE-B FAILED because (of) Verify element text of test object 'Object Repository/Page_AddProduct/div_already added' FAILED. (Root cause: Actual text 'already added' and expected text '' of test object 'Object Repository/Page_AddProduct/div_already added' are NOT matched.)]]></system-err>
   </testsuite>
</testsuites>
