<?xml version="1.0" encoding="UTF-8"?>
<testsuites name="TestCheckTransacation" time="30" tests="0" failures="1" errors="0">
   <testsuite name="TestCheckTransacation" tests="0" failures="1" errors="0" time="30" timestamp="2018-05-09 14:31:32" hostname="weapon - DESKTOP-GLFQATP" id="Test Suites/TestCheckTransacation">
      <properties>
         <property name="deviceName" value=""/>
         <property name="devicePlatform" value=""/>
         <property name="logFolder" value="C:\\Users\\weapon\\Desktop\\SE234-project\\Reports\\TestCheckTransacation\\20180509_143121"/>
         <property name="logFiles" value="C:\\Users\\weapon\\Desktop\\SE234-project\\Reports\\TestCheckTransacation\\20180509_143121\\execution0.log"/>
         <property name="attachments" value=""/>
         <property name="hostName" value="weapon - DESKTOP-GLFQATP"/>
         <property name="os" value="Windows 10 64bit"/>
         <property name="katalonVersion" value="5.3.1.1"/>
         <property name="browser" value="Chrome 65.0.3325.181"/>
         <property name="hostAddress" value="192.168.191.1"/>
         <property name="sessionId" value="24503ab663cc04ae65553e758531b044"/>
         <property name="seleniumVersion" value="3.7.1"/>
         <property name="proxyInformation" value="ProxyInformation{proxyOption=NO_PROXY, proxyServerType=HTTP, password=, proxyServerAddress=, proxyServerPort=0}"/>
         <property name="platform" value="Windows 10"/>
      </properties>
      <testcase name="Test Cases/TESTCASE-C" classname="Test Cases/TESTCASE-C" status="FAILED">
         <failure type="FAILED" message="Unable to click on object 'Object Repository/Page_CheckTransacationAfterAddProducts/button_Logout' (Root cause: org.openqa.selenium.UnhandledAlertException: unexpected alert open: {Alert text : Are you going to add the order values 40,000 THB}
  (Session info: chrome=65.0.3325.181)
  (Driver info: chromedriver=2.35.528161 (5b82f2d2aae0ca24b877009200ced9065a772e73),platform=Windows NT 10.0.16299 x86_64) (WARNING: The server did not provide any stacktrace information)
Command duration or timeout: 0 milliseconds: null
Build info: version: '3.7.1', revision: '8a0099a', time: '2017-11-06T21:07:36.161Z'
System info: host: 'DESKTOP-GLFQATP', ip: '192.168.191.1', os.name: 'Windows 10', os.arch: 'amd64', os.version: '10.0', java.version: '1.8.0_102'
Driver info: com.kms.katalon.selenium.driver.CChromeDriver
Capabilities {acceptInsecureCerts: false, acceptSslCerts: false, applicationCacheEnabled: false, browserConnectionEnabled: false, browserName: chrome, chrome: {chromedriverVersion: 2.35.528161 (5b82f2d2aae0ca..., userDataDir: C:\Users\weapon\AppData\Loc...}, cssSelectorsEnabled: true, databaseEnabled: false, handlesAlerts: true, hasTouchScreen: false, javascriptEnabled: true, locationContextEnabled: true, mobileEmulationEnabled: false, nativeEvents: true, networkConnectionEnabled: false, pageLoadStrategy: normal, platform: XP, platformName: XP, rotatable: false, setWindowRect: true, takesHeapSnapshot: true, takesScreenshot: true, unexpectedAlertBehaviour: , unhandledPromptBehavior: , version: 65.0.3325.181, webStorageEnabled: true}
Session ID: 24503ab663cc04ae65553e758531b044
*** Element info: {Using=xpath, value=//button[@type = 'button' and (text() = 'Logout' or . = 'Logout')]})"/>
         <system-out><![CDATA[2018-05-09 14:31:32 - [TEST_CASE][FAILED] - Test Cases/TESTCASE-C: Test Cases/TESTCASE-C FAILED because (of) Unable to click on object 'Object Repository/Page_CheckTransacationAfterAddProducts/button_Logout' (Root cause: org.openqa.selenium.UnhandledAlertException: unexpected alert open: {Alert text : Are you going to add the order values 40,000 THB}
  (Session info: chrome=65.0.3325.181)
  (Driver info: chromedriver=2.35.528161 (5b82f2d2aae0ca24b877009200ced9065a772e73),platform=Windows NT 10.0.16299 x86_64) (WARNING: The server did not provide any stacktrace information)
Command duration or timeout: 0 milliseconds: null
Build info: version: '3.7.1', revision: '8a0099a', time: '2017-11-06T21:07:36.161Z'
System info: host: 'DESKTOP-GLFQATP', ip: '192.168.191.1', os.name: 'Windows 10', os.arch: 'amd64', os.version: '10.0', java.version: '1.8.0_102'
Driver info: com.kms.katalon.selenium.driver.CChromeDriver
Capabilities {acceptInsecureCerts: false, acceptSslCerts: false, applicationCacheEnabled: false, browserConnectionEnabled: false, browserName: chrome, chrome: {chromedriverVersion: 2.35.528161 (5b82f2d2aae0ca..., userDataDir: C:\Users\weapon\AppData\Loc...}, cssSelectorsEnabled: true, databaseEnabled: false, handlesAlerts: true, hasTouchScreen: false, javascriptEnabled: true, locationContextEnabled: true, mobileEmulationEnabled: false, nativeEvents: true, networkConnectionEnabled: false, pageLoadStrategy: normal, platform: XP, platformName: XP, rotatable: false, setWindowRect: true, takesHeapSnapshot: true, takesScreenshot: true, unexpectedAlertBehaviour: , unhandledPromptBehavior: , version: 65.0.3325.181, webStorageEnabled: true}
Session ID: 24503ab663cc04ae65553e758531b044
*** Element info: {Using=xpath, value=//button[@type = 'button' and (text() = 'Logout' or . = 'Logout')]})

2018-05-09 14:31:33 - [TEST_STEP][PASSED] - openBrowser: Browser is opened with url: ''

2018-05-09 14:31:38 - [MESSAGE][PASSED] - Browser is opened with url: ''

2018-05-09 14:31:38 - [TEST_STEP][PASSED] - navigateToUrl: Navigate to 'http://52.39.163.150:8091/' successfully

2018-05-09 14:31:57 - [MESSAGE][PASSED] - Navigate to 'http://52.39.163.150:8091/' successfully

2018-05-09 14:31:57 - [TEST_STEP][PASSED] - setText: Text 'user' is set on object 'Object Repository/Page_CheckTransacationAfterAddProducts/input_username'

2018-05-09 14:31:58 - [MESSAGE][PASSED] - Text 'user' is set on object 'Object Repository/Page_CheckTransacationAfterAddProducts/input_username'

2018-05-09 14:31:58 - [TEST_STEP][PASSED] - setText: Text 'user' is set on object 'Object Repository/Page_CheckTransacationAfterAddProducts/input_password'

2018-05-09 14:31:58 - [MESSAGE][PASSED] - Text 'user' is set on object 'Object Repository/Page_CheckTransacationAfterAddProducts/input_password'

2018-05-09 14:31:58 - [TEST_STEP][PASSED] - click: Object: 'Object Repository/Page_CheckTransacationAfterAddProducts/button_Login' is clicked on

2018-05-09 14:31:58 - [MESSAGE][PASSED] - Object: 'Object Repository/Page_CheckTransacationAfterAddProducts/button_Login' is clicked on

2018-05-09 14:31:58 - [TEST_STEP][PASSED] - verifyElementText: Actual text and expected text of test object 'Object Repository/Page_CheckTransacationAfterAddProducts/h5_Garden' are matched.

2018-05-09 14:32:00 - [MESSAGE][PASSED] - Actual text and expected text of test object 'Object Repository/Page_CheckTransacationAfterAddProducts/h5_Garden' are matched.

2018-05-09 14:32:00 - [TEST_STEP][PASSED] - click: Object: 'Object Repository/Page_CheckTransacationAfterAddProducts/button_add to cart' is clicked on

2018-05-09 14:32:00 - [MESSAGE][PASSED] - Object: 'Object Repository/Page_CheckTransacationAfterAddProducts/button_add to cart' is clicked on

2018-05-09 14:32:00 - [TEST_STEP][PASSED] - click: Object: 'Object Repository/Page_CheckTransacationAfterAddProducts/a_Carts            1' is clicked on

2018-05-09 14:32:00 - [MESSAGE][PASSED] - Object: 'Object Repository/Page_CheckTransacationAfterAddProducts/a_Carts            1' is clicked on

2018-05-09 14:32:00 - [TEST_STEP][PASSED] - verifyElementText: Actual text and expected text of test object 'Object Repository/Page_CheckTransacationAfterAddProducts/td_Garden' are matched.

2018-05-09 14:32:00 - [MESSAGE][PASSED] - Actual text and expected text of test object 'Object Repository/Page_CheckTransacationAfterAddProducts/td_Garden' are matched.

2018-05-09 14:32:00 - [TEST_STEP][PASSED] - setText: Text '2' is set on object 'Object Repository/Page_CheckTransacationAfterAddProducts/input_amount'

2018-05-09 14:32:01 - [MESSAGE][PASSED] - Text '2' is set on object 'Object Repository/Page_CheckTransacationAfterAddProducts/input_amount'

2018-05-09 14:32:01 - [TEST_STEP][PASSED] - click: Object: 'Object Repository/Page_CheckTransacationAfterAddProducts/button_confirm' is clicked on

2018-05-09 14:32:01 - [MESSAGE][PASSED] - Object: 'Object Repository/Page_CheckTransacationAfterAddProducts/button_confirm' is clicked on

2018-05-09 14:32:01 - [TEST_STEP][PASSED] - switchToDefaultContent: Switching to default content failed because an alert is presented on page. Please switch to default content after dealing with the alert.

2018-05-09 14:32:01 - [MESSAGE][WARNING] - Switching to default content failed because an alert is presented on page. Please switch to default content after dealing with the alert.

2018-05-09 14:32:01 - [TEST_STEP][FAILED] - click: Unable to click on object 'Object Repository/Page_CheckTransacationAfterAddProducts/button_Logout' (Root cause: org.openqa.selenium.UnhandledAlertException: unexpected alert open: {Alert text : Are you going to add the order values 40,000 THB}
  (Session info: chrome=65.0.3325.181)
  (Driver info: chromedriver=2.35.528161 (5b82f2d2aae0ca24b877009200ced9065a772e73),platform=Windows NT 10.0.16299 x86_64) (WARNING: The server did not provide any stacktrace information)
Command duration or timeout: 0 milliseconds: null
Build info: version: '3.7.1', revision: '8a0099a', time: '2017-11-06T21:07:36.161Z'
System info: host: 'DESKTOP-GLFQATP', ip: '192.168.191.1', os.name: 'Windows 10', os.arch: 'amd64', os.version: '10.0', java.version: '1.8.0_102'
Driver info: com.kms.katalon.selenium.driver.CChromeDriver
Capabilities {acceptInsecureCerts: false, acceptSslCerts: false, applicationCacheEnabled: false, browserConnectionEnabled: false, browserName: chrome, chrome: {chromedriverVersion: 2.35.528161 (5b82f2d2aae0ca..., userDataDir: C:\Users\weapon\AppData\Loc...}, cssSelectorsEnabled: true, databaseEnabled: false, handlesAlerts: true, hasTouchScreen: false, javascriptEnabled: true, locationContextEnabled: true, mobileEmulationEnabled: false, nativeEvents: true, networkConnectionEnabled: false, pageLoadStrategy: normal, platform: XP, platformName: XP, rotatable: false, setWindowRect: true, takesHeapSnapshot: true, takesScreenshot: true, unexpectedAlertBehaviour: , unhandledPromptBehavior: , version: 65.0.3325.181, webStorageEnabled: true}
Session ID: 24503ab663cc04ae65553e758531b044
*** Element info: {Using=xpath, value=//button[@type = 'button' and (text() = 'Logout' or . = 'Logout')]})

2018-05-09 14:32:01 - [MESSAGE][WARNING] - Cannot take screenshot

2018-05-09 14:32:01 - [MESSAGE][FAILED] - Unable to click on object 'Object Repository/Page_CheckTransacationAfterAddProducts/button_Logout' (Root cause: org.openqa.selenium.UnhandledAlertException: unexpected alert open: {Alert text : Are you going to add the order values 40,000 THB}
  (Session info: chrome=65.0.3325.181)
  (Driver info: chromedriver=2.35.528161 (5b82f2d2aae0ca24b877009200ced9065a772e73),platform=Windows NT 10.0.16299 x86_64) (WARNING: The server did not provide any stacktrace information)
Command duration or timeout: 0 milliseconds: null
Build info: version: '3.7.1', revision: '8a0099a', time: '2017-11-06T21:07:36.161Z'
System info: host: 'DESKTOP-GLFQATP', ip: '192.168.191.1', os.name: 'Windows 10', os.arch: 'amd64', os.version: '10.0', java.version: '1.8.0_102'
Driver info: com.kms.katalon.selenium.driver.CChromeDriver
Capabilities {acceptInsecureCerts: false, acceptSslCerts: false, applicationCacheEnabled: false, browserConnectionEnabled: false, browserName: chrome, chrome: {chromedriverVersion: 2.35.528161 (5b82f2d2aae0ca..., userDataDir: C:\Users\weapon\AppData\Loc...}, cssSelectorsEnabled: true, databaseEnabled: false, handlesAlerts: true, hasTouchScreen: false, javascriptEnabled: true, locationContextEnabled: true, mobileEmulationEnabled: false, nativeEvents: true, networkConnectionEnabled: false, pageLoadStrategy: normal, platform: XP, platformName: XP, rotatable: false, setWindowRect: true, takesHeapSnapshot: true, takesScreenshot: true, unexpectedAlertBehaviour: , unhandledPromptBehavior: , version: 65.0.3325.181, webStorageEnabled: true}
Session ID: 24503ab663cc04ae65553e758531b044
*** Element info: {Using=xpath, value=//button[@type = 'button' and (text() = 'Logout' or . = 'Logout')]})]]></system-out>
         <system-err><![CDATA[2018-05-09 14:31:32 - [TEST_CASE][FAILED] - Test Cases/TESTCASE-C: Test Cases/TESTCASE-C FAILED because (of) Unable to click on object 'Object Repository/Page_CheckTransacationAfterAddProducts/button_Logout' (Root cause: org.openqa.selenium.UnhandledAlertException: unexpected alert open: {Alert text : Are you going to add the order values 40,000 THB}
  (Session info: chrome=65.0.3325.181)
  (Driver info: chromedriver=2.35.528161 (5b82f2d2aae0ca24b877009200ced9065a772e73),platform=Windows NT 10.0.16299 x86_64) (WARNING: The server did not provide any stacktrace information)
Command duration or timeout: 0 milliseconds: null
Build info: version: '3.7.1', revision: '8a0099a', time: '2017-11-06T21:07:36.161Z'
System info: host: 'DESKTOP-GLFQATP', ip: '192.168.191.1', os.name: 'Windows 10', os.arch: 'amd64', os.version: '10.0', java.version: '1.8.0_102'
Driver info: com.kms.katalon.selenium.driver.CChromeDriver
Capabilities {acceptInsecureCerts: false, acceptSslCerts: false, applicationCacheEnabled: false, browserConnectionEnabled: false, browserName: chrome, chrome: {chromedriverVersion: 2.35.528161 (5b82f2d2aae0ca..., userDataDir: C:\Users\weapon\AppData\Loc...}, cssSelectorsEnabled: true, databaseEnabled: false, handlesAlerts: true, hasTouchScreen: false, javascriptEnabled: true, locationContextEnabled: true, mobileEmulationEnabled: false, nativeEvents: true, networkConnectionEnabled: false, pageLoadStrategy: normal, platform: XP, platformName: XP, rotatable: false, setWindowRect: true, takesHeapSnapshot: true, takesScreenshot: true, unexpectedAlertBehaviour: , unhandledPromptBehavior: , version: 65.0.3325.181, webStorageEnabled: true}
Session ID: 24503ab663cc04ae65553e758531b044
*** Element info: {Using=xpath, value=//button[@type = 'button' and (text() = 'Logout' or . = 'Logout')]})]]></system-err>
      </testcase>
      <system-out><![CDATA[2018-05-09 14:31:32 - [TEST_SUITE][FAILED] - TestCheckTransacation: Test Cases/TESTCASE-C FAILED because (of) Unable to click on object 'Object Repository/Page_CheckTransacationAfterAddProducts/button_Logout' (Root cause: org.openqa.selenium.UnhandledAlertException: unexpected alert open: {Alert text : Are you going to add the order values 40,000 THB}
  (Session info: chrome=65.0.3325.181)
  (Driver info: chromedriver=2.35.528161 (5b82f2d2aae0ca24b877009200ced9065a772e73),platform=Windows NT 10.0.16299 x86_64) (WARNING: The server did not provide any stacktrace information)
Command duration or timeout: 0 milliseconds: null
Build info: version: '3.7.1', revision: '8a0099a', time: '2017-11-06T21:07:36.161Z'
System info: host: 'DESKTOP-GLFQATP', ip: '192.168.191.1', os.name: 'Windows 10', os.arch: 'amd64', os.version: '10.0', java.version: '1.8.0_102'
Driver info: com.kms.katalon.selenium.driver.CChromeDriver
Capabilities {acceptInsecureCerts: false, acceptSslCerts: false, applicationCacheEnabled: false, browserConnectionEnabled: false, browserName: chrome, chrome: {chromedriverVersion: 2.35.528161 (5b82f2d2aae0ca..., userDataDir: C:\Users\weapon\AppData\Loc...}, cssSelectorsEnabled: true, databaseEnabled: false, handlesAlerts: true, hasTouchScreen: false, javascriptEnabled: true, locationContextEnabled: true, mobileEmulationEnabled: false, nativeEvents: true, networkConnectionEnabled: false, pageLoadStrategy: normal, platform: XP, platformName: XP, rotatable: false, setWindowRect: true, takesHeapSnapshot: true, takesScreenshot: true, unexpectedAlertBehaviour: , unhandledPromptBehavior: , version: 65.0.3325.181, webStorageEnabled: true}
Session ID: 24503ab663cc04ae65553e758531b044
*** Element info: {Using=xpath, value=//button[@type = 'button' and (text() = 'Logout' or . = 'Logout')]})]]></system-out>
      <system-err><![CDATA[2018-05-09 14:31:32 - [TEST_SUITE][FAILED] - TestCheckTransacation: Test Cases/TESTCASE-C FAILED because (of) Unable to click on object 'Object Repository/Page_CheckTransacationAfterAddProducts/button_Logout' (Root cause: org.openqa.selenium.UnhandledAlertException: unexpected alert open: {Alert text : Are you going to add the order values 40,000 THB}
  (Session info: chrome=65.0.3325.181)
  (Driver info: chromedriver=2.35.528161 (5b82f2d2aae0ca24b877009200ced9065a772e73),platform=Windows NT 10.0.16299 x86_64) (WARNING: The server did not provide any stacktrace information)
Command duration or timeout: 0 milliseconds: null
Build info: version: '3.7.1', revision: '8a0099a', time: '2017-11-06T21:07:36.161Z'
System info: host: 'DESKTOP-GLFQATP', ip: '192.168.191.1', os.name: 'Windows 10', os.arch: 'amd64', os.version: '10.0', java.version: '1.8.0_102'
Driver info: com.kms.katalon.selenium.driver.CChromeDriver
Capabilities {acceptInsecureCerts: false, acceptSslCerts: false, applicationCacheEnabled: false, browserConnectionEnabled: false, browserName: chrome, chrome: {chromedriverVersion: 2.35.528161 (5b82f2d2aae0ca..., userDataDir: C:\Users\weapon\AppData\Loc...}, cssSelectorsEnabled: true, databaseEnabled: false, handlesAlerts: true, hasTouchScreen: false, javascriptEnabled: true, locationContextEnabled: true, mobileEmulationEnabled: false, nativeEvents: true, networkConnectionEnabled: false, pageLoadStrategy: normal, platform: XP, platformName: XP, rotatable: false, setWindowRect: true, takesHeapSnapshot: true, takesScreenshot: true, unexpectedAlertBehaviour: , unhandledPromptBehavior: , version: 65.0.3325.181, webStorageEnabled: true}
Session ID: 24503ab663cc04ae65553e758531b044
*** Element info: {Using=xpath, value=//button[@type = 'button' and (text() = 'Logout' or . = 'Logout')]})]]></system-err>
   </testsuite>
</testsuites>
