<?xml version="1.0" encoding="UTF-8"?>
<testsuites name="TestShowALLTransactionsAfterAdminClickTotalTransaction" time="21" tests="0" failures="1" errors="0">
   <testsuite name="TestShowALLTransactionsAfterAdminClickTotalTransaction" tests="0" failures="1" errors="0" time="21" timestamp="2018-05-09 11:58:44" hostname="ASUS - 10.80.151.231" id="Test Suites/TestShowALLTransactionsAfterAdminClickTotalTransaction">
      <properties>
         <property name="deviceName" value=""/>
         <property name="devicePlatform" value=""/>
         <property name="logFolder" value="C:\\Users\\ASUS\\Katalon Studio\\SE234-project\\Reports\\TestShowALLTransactionsAfterAdminClickTotalTransaction\\20180509_115840"/>
         <property name="logFiles" value="C:\\Users\\ASUS\\Katalon Studio\\SE234-project\\Reports\\TestShowALLTransactionsAfterAdminClickTotalTransaction\\20180509_115840\\execution0.log"/>
         <property name="attachments" value="C:\\Users\\ASUS\\Katalon Studio\\SE234-project\\Reports\\TestShowALLTransactionsAfterAdminClickTotalTransaction\\20180509_115840\\1525841944371.png, C:\\Users\\ASUS\\Katalon Studio\\SE234-project\\Reports\\TestShowALLTransactionsAfterAdminClickTotalTransaction\\20180509_115840\\1525841944641.png"/>
         <property name="hostName" value="ASUS - 10.80.151.231"/>
         <property name="os" value="Windows 10 64bit"/>
         <property name="katalonVersion" value="5.3.1.1"/>
         <property name="browser" value="Chrome 66.0.3359.139"/>
         <property name="hostAddress" value="10.80.151.231"/>
         <property name="sessionId" value="3c88836eace412c1a8a07fcf9444e42c"/>
         <property name="seleniumVersion" value="3.7.1"/>
         <property name="proxyInformation" value="ProxyInformation{proxyOption=NO_PROXY, proxyServerType=HTTP, password=, proxyServerAddress=, proxyServerPort=0}"/>
         <property name="platform" value="Windows 10"/>
      </properties>
      <testcase name="Test Cases/TESTCASE6" classname="Test Cases/TESTCASE6" status="FAILED">
         <failure type="FAILED" message="Verify element text of test object 'Object Repository/Page_Admin/td_1' FAILED. (Root cause: Actual text '1' and expected text 'o001' of test object 'Object Repository/Page_Admin/td_1' are NOT matched.)"/>
         <system-out><![CDATA[2018-05-09 11:58:44 - [TEST_CASE][FAILED] - Test Cases/TESTCASE6: Test Cases/TESTCASE6 FAILED because (of) Verify element text of test object 'Object Repository/Page_Admin/td_1' FAILED. (Root cause: Actual text '1' and expected text 'o001' of test object 'Object Repository/Page_Admin/td_1' are NOT matched.)

2018-05-09 11:58:44 - [TEST_STEP][PASSED] - openBrowser: Browser is opened with url: ''

2018-05-09 11:58:47 - [MESSAGE][PASSED] - Browser is opened with url: ''

2018-05-09 11:58:47 - [TEST_STEP][PASSED] - navigateToUrl: Navigate to 'http://52.39.163.150:8091/' successfully

2018-05-09 11:59:02 - [MESSAGE][PASSED] - Navigate to 'http://52.39.163.150:8091/' successfully

2018-05-09 11:59:02 - [TEST_STEP][PASSED] - setText: Text 'admin' is set on object 'Object Repository/Page_Login/input_username'

2018-05-09 11:59:02 - [MESSAGE][PASSED] - Text 'admin' is set on object 'Object Repository/Page_Login/input_username'

2018-05-09 11:59:02 - [TEST_STEP][PASSED] - setText: Text 'admin' is set on object 'Object Repository/Page_Login/input_password'

2018-05-09 11:59:02 - [MESSAGE][PASSED] - Text 'admin' is set on object 'Object Repository/Page_Login/input_password'

2018-05-09 11:59:02 - [TEST_STEP][PASSED] - click: Object: 'Object Repository/Page_Login/button_Login' is clicked on

2018-05-09 11:59:02 - [MESSAGE][PASSED] - Object: 'Object Repository/Page_Login/button_Login' is clicked on

2018-05-09 11:59:02 - [TEST_STEP][PASSED] - click: Object: 'Object Repository/Page_Admin/a_Total Transaction' is clicked on

2018-05-09 11:59:03 - [MESSAGE][PASSED] - Object: 'Object Repository/Page_Admin/a_Total Transaction' is clicked on

2018-05-09 11:59:03 - [TEST_STEP][PASSED] - verifyElementText: Actual text and expected text of test object 'Object Repository/Page_Admin/h2_Transaction List' are matched.

2018-05-09 11:59:03 - [MESSAGE][PASSED] - Actual text and expected text of test object 'Object Repository/Page_Admin/h2_Transaction List' are matched.

2018-05-09 11:59:03 - [TEST_STEP][FAILED] - verifyElementText: Verify element text of test object 'Object Repository/Page_Admin/td_1' FAILED. (Root cause: Actual text '1' and expected text 'o001' of test object 'Object Repository/Page_Admin/td_1' are NOT matched.)

2018-05-09 11:59:04 - [MESSAGE][FAILED] - Actual text '1' and expected text 'o001' of test object 'Object Repository/Page_Admin/td_1' are NOT matched.
[[ATTACHMENT|C:\\Users\\ASUS\\Katalon Studio\\SE234-project\\Reports\\TestShowALLTransactionsAfterAdminClickTotalTransaction\\20180509_115840\\1525841944371.png]]

2018-05-09 11:59:04 - [MESSAGE][FAILED] - Verify element text of test object 'Object Repository/Page_Admin/td_1' FAILED. (Root cause: Actual text '1' and expected text 'o001' of test object 'Object Repository/Page_Admin/td_1' are NOT matched.)
[[ATTACHMENT|C:\\Users\\ASUS\\Katalon Studio\\SE234-project\\Reports\\TestShowALLTransactionsAfterAdminClickTotalTransaction\\20180509_115840\\1525841944641.png]]]]></system-out>
         <system-err><![CDATA[2018-05-09 11:58:44 - [TEST_CASE][FAILED] - Test Cases/TESTCASE6: Test Cases/TESTCASE6 FAILED because (of) Verify element text of test object 'Object Repository/Page_Admin/td_1' FAILED. (Root cause: Actual text '1' and expected text 'o001' of test object 'Object Repository/Page_Admin/td_1' are NOT matched.)]]></system-err>
      </testcase>
      <system-out><![CDATA[2018-05-09 11:58:44 - [TEST_SUITE][FAILED] - TestShowALLTransactionsAfterAdminClickTotalTransaction: Test Cases/TESTCASE6 FAILED because (of) Verify element text of test object 'Object Repository/Page_Admin/td_1' FAILED. (Root cause: Actual text '1' and expected text 'o001' of test object 'Object Repository/Page_Admin/td_1' are NOT matched.)]]></system-out>
      <system-err><![CDATA[2018-05-09 11:58:44 - [TEST_SUITE][FAILED] - TestShowALLTransactionsAfterAdminClickTotalTransaction: Test Cases/TESTCASE6 FAILED because (of) Verify element text of test object 'Object Repository/Page_Admin/td_1' FAILED. (Root cause: Actual text '1' and expected text 'o001' of test object 'Object Repository/Page_Admin/td_1' are NOT matched.)]]></system-err>
   </testsuite>
</testsuites>
