<?xml version="1.0" encoding="UTF-8"?>
<testsuites name="Test Suite A" time="39" tests="0" failures="1" errors="0">
   <testsuite name="Test Suite A" tests="0" failures="1" errors="0" time="39" timestamp="2018-05-08 22:13:38" hostname="ASUS - DESKTOP-FD17HEO" id="Test Suites/Test Suite A">
      <properties>
         <property name="deviceName" value=""/>
         <property name="devicePlatform" value=""/>
         <property name="logFolder" value="C:\\Users\\ASUS\\Katalon Studio\\SE234-project\\Reports\\Test Suite A\\20180508_221337"/>
         <property name="logFiles" value="C:\\Users\\ASUS\\Katalon Studio\\SE234-project\\Reports\\Test Suite A\\20180508_221337\\execution0.log"/>
         <property name="attachments" value="C:\\Users\\ASUS\\Katalon Studio\\SE234-project\\Reports\\Test Suite A\\20180508_221337\\1525792457187.png"/>
         <property name="hostName" value="ASUS - DESKTOP-FD17HEO"/>
         <property name="os" value="Windows 10 64bit"/>
         <property name="katalonVersion" value="5.3.1.1"/>
         <property name="browser" value="Chrome 66.0.3359.139"/>
         <property name="hostAddress" value="192.168.0.109"/>
         <property name="sessionId" value="14bf44afcb3c8fee81b3ae7aae65a125"/>
         <property name="seleniumVersion" value="3.7.1"/>
         <property name="proxyInformation" value="ProxyInformation{proxyOption=NO_PROXY, proxyServerType=HTTP, password=, proxyServerAddress=, proxyServerPort=0}"/>
         <property name="platform" value="Windows 10"/>
      </properties>
      <testcase name="Test Cases/TESTCASE-A" classname="Test Cases/TESTCASE-A" status="FAILED">
         <failure type="FAILED" message="Unable to set text 'admin' of object 'Object Repository/Page_Product/Page_ProjectBackend/input_password' (Root cause: com.kms.katalon.core.webui.exception.WebElementNotFoundException: Web element with id: 'Object Repository/Page_Product/Page_ProjectBackend/input_password' located by 'By.xpath: /html[1]/body[1]/app-root[1]/app-login[1]/div[@class=&quot;col-md-6 col-md-offset-3&quot;]/form[@class=&quot;ng-dirty ng-touched ng-valid&quot;]/div[@class=&quot;form-group&quot;]/input[@class=&quot;form-control ng-untouched ng-dirty ng-valid&quot;]' not found)"/>
         <system-out><![CDATA[2018-05-08 22:13:38 - [TEST_CASE][FAILED] - Test Cases/TESTCASE-A: Test Cases/TESTCASE-A FAILED because (of) Unable to set text 'admin' of object 'Object Repository/Page_Product/Page_ProjectBackend/input_password' (Root cause: com.kms.katalon.core.webui.exception.WebElementNotFoundException: Web element with id: 'Object Repository/Page_Product/Page_ProjectBackend/input_password' located by 'By.xpath: /html[1]/body[1]/app-root[1]/app-login[1]/div[@class="col-md-6 col-md-offset-3"]/form[@class="ng-dirty ng-touched ng-valid"]/div[@class="form-group"]/input[@class="form-control ng-untouched ng-dirty ng-valid"]' not found)

2018-05-08 22:13:38 - [TEST_STEP][PASSED] - openBrowser: Browser is opened with url: ''

2018-05-08 22:13:41 - [MESSAGE][PASSED] - Browser is opened with url: ''

2018-05-08 22:13:41 - [TEST_STEP][PASSED] - navigateToUrl: Navigate to 'http://52.39.163.150:8091/' successfully

2018-05-08 22:13:46 - [MESSAGE][PASSED] - Navigate to 'http://52.39.163.150:8091/' successfully

2018-05-08 22:13:46 - [TEST_STEP][PASSED] - setText: Text 'admin' is set on object 'Object Repository/Page_Product/Page_ProjectBackend/input_username'

2018-05-08 22:13:46 - [MESSAGE][PASSED] - Text 'admin' is set on object 'Object Repository/Page_Product/Page_ProjectBackend/input_username'

2018-05-08 22:13:46 - [TEST_STEP][FAILED] - setText: Unable to set text 'admin' of object 'Object Repository/Page_Product/Page_ProjectBackend/input_password' (Root cause: com.kms.katalon.core.webui.exception.WebElementNotFoundException: Web element with id: 'Object Repository/Page_Product/Page_ProjectBackend/input_password' located by 'By.xpath: /html[1]/body[1]/app-root[1]/app-login[1]/div[@class="col-md-6 col-md-offset-3"]/form[@class="ng-dirty ng-touched ng-valid"]/div[@class="form-group"]/input[@class="form-control ng-untouched ng-dirty ng-valid"]' not found)

2018-05-08 22:14:17 - [MESSAGE][FAILED] - Unable to set text 'admin' of object 'Object Repository/Page_Product/Page_ProjectBackend/input_password' (Root cause: com.kms.katalon.core.webui.exception.WebElementNotFoundException: Web element with id: 'Object Repository/Page_Product/Page_ProjectBackend/input_password' located by 'By.xpath: /html[1]/body[1]/app-root[1]/app-login[1]/div[@class="col-md-6 col-md-offset-3"]/form[@class="ng-dirty ng-touched ng-valid"]/div[@class="form-group"]/input[@class="form-control ng-untouched ng-dirty ng-valid"]' not found)
[[ATTACHMENT|C:\\Users\\ASUS\\Katalon Studio\\SE234-project\\Reports\\Test Suite A\\20180508_221337\\1525792457187.png]]]]></system-out>
         <system-err><![CDATA[2018-05-08 22:13:38 - [TEST_CASE][FAILED] - Test Cases/TESTCASE-A: Test Cases/TESTCASE-A FAILED because (of) Unable to set text 'admin' of object 'Object Repository/Page_Product/Page_ProjectBackend/input_password' (Root cause: com.kms.katalon.core.webui.exception.WebElementNotFoundException: Web element with id: 'Object Repository/Page_Product/Page_ProjectBackend/input_password' located by 'By.xpath: /html[1]/body[1]/app-root[1]/app-login[1]/div[@class="col-md-6 col-md-offset-3"]/form[@class="ng-dirty ng-touched ng-valid"]/div[@class="form-group"]/input[@class="form-control ng-untouched ng-dirty ng-valid"]' not found)]]></system-err>
      </testcase>
      <system-out><![CDATA[2018-05-08 22:13:38 - [TEST_SUITE][FAILED] - Test Suite A: Test Cases/TESTCASE-A FAILED because (of) Unable to set text 'admin' of object 'Object Repository/Page_Product/Page_ProjectBackend/input_password' (Root cause: com.kms.katalon.core.webui.exception.WebElementNotFoundException: Web element with id: 'Object Repository/Page_Product/Page_ProjectBackend/input_password' located by 'By.xpath: /html[1]/body[1]/app-root[1]/app-login[1]/div[@class="col-md-6 col-md-offset-3"]/form[@class="ng-dirty ng-touched ng-valid"]/div[@class="form-group"]/input[@class="form-control ng-untouched ng-dirty ng-valid"]' not found)]]></system-out>
      <system-err><![CDATA[2018-05-08 22:13:38 - [TEST_SUITE][FAILED] - Test Suite A: Test Cases/TESTCASE-A FAILED because (of) Unable to set text 'admin' of object 'Object Repository/Page_Product/Page_ProjectBackend/input_password' (Root cause: com.kms.katalon.core.webui.exception.WebElementNotFoundException: Web element with id: 'Object Repository/Page_Product/Page_ProjectBackend/input_password' located by 'By.xpath: /html[1]/body[1]/app-root[1]/app-login[1]/div[@class="col-md-6 col-md-offset-3"]/form[@class="ng-dirty ng-touched ng-valid"]/div[@class="form-group"]/input[@class="form-control ng-untouched ng-dirty ng-valid"]' not found)]]></system-err>
   </testsuite>
</testsuites>
