<?xml version="1.0" encoding="UTF-8"?>
<testsuites name="Test Suite A" time="33" tests="0" failures="5" errors="0">
   <testsuite name="Test Suite A" tests="0" failures="5" errors="0" time="33" timestamp="2018-05-08 22:28:23" hostname="ASUS - DESKTOP-FD17HEO" id="Test Suites/Test Suite A">
      <properties>
         <property name="deviceName" value=""/>
         <property name="devicePlatform" value=""/>
         <property name="logFolder" value="C:\\Users\\ASUS\\Katalon Studio\\SE234-project\\Reports\\Test Suite A\\20180508_222822"/>
         <property name="logFiles" value="C:\\Users\\ASUS\\Katalon Studio\\SE234-project\\Reports\\Test Suite A\\20180508_222822\\execution0.log"/>
         <property name="attachments" value="C:\\Users\\ASUS\\Katalon Studio\\SE234-project\\Reports\\Test Suite A\\20180508_222822\\1525793312344.png, C:\\Users\\ASUS\\Katalon Studio\\SE234-project\\Reports\\Test Suite A\\20180508_222822\\1525793312607.png, C:\\Users\\ASUS\\Katalon Studio\\SE234-project\\Reports\\Test Suite A\\20180508_222822\\1525793320901.png, C:\\Users\\ASUS\\Katalon Studio\\SE234-project\\Reports\\Test Suite A\\20180508_222822\\1525793321154.png"/>
         <property name="hostName" value="ASUS - DESKTOP-FD17HEO"/>
         <property name="os" value="Windows 10 64bit"/>
         <property name="katalonVersion" value="5.3.1.1"/>
         <property name="browser" value="Chrome 66.0.3359.139"/>
         <property name="hostAddress" value="192.168.0.109"/>
         <property name="sessionId" value="15ed7833be1c2b3239760cbff3a9427d"/>
         <property name="seleniumVersion" value="3.7.1"/>
         <property name="proxyInformation" value="ProxyInformation{proxyOption=NO_PROXY, proxyServerType=HTTP, password=, proxyServerAddress=, proxyServerPort=0}"/>
         <property name="platform" value="Windows 10"/>
      </properties>
      <testcase name="Test Cases/TESTCASE-A" classname="Test Cases/TESTCASE-A" status="FAILED">
         <failure type="FAILED" message="Verify element text of test object 'Object Repository/Page_Product/Page_ProjectBackend/h5_Banana' FAILED. (Root cause: Actual text 'Banana' and expected text 'Garden' of test object 'Object Repository/Page_Product/Page_ProjectBackend/h5_Banana' are NOT matched.)"/>
         <system-out><![CDATA[2018-05-08 22:28:23 - [TEST_CASE][FAILED] - Test Cases/TESTCASE-A: Test Cases/TESTCASE-A FAILED because (of) Verify element text of test object 'Object Repository/Page_Product/Page_ProjectBackend/h5_Banana' FAILED. (Root cause: Actual text 'Banana' and expected text 'Garden' of test object 'Object Repository/Page_Product/Page_ProjectBackend/h5_Banana' are NOT matched.)

2018-05-08 22:28:24 - [TEST_STEP][PASSED] - openBrowser: Browser is opened with url: ''

2018-05-08 22:28:26 - [MESSAGE][PASSED] - Browser is opened with url: ''

2018-05-08 22:28:26 - [TEST_STEP][PASSED] - navigateToUrl: Navigate to 'http://52.39.163.150:8091/' successfully

2018-05-08 22:28:30 - [MESSAGE][PASSED] - Navigate to 'http://52.39.163.150:8091/' successfully

2018-05-08 22:28:30 - [TEST_STEP][PASSED] - setText: Text 'admin' is set on object 'Object Repository/Page_Login/input_username'

2018-05-08 22:28:30 - [MESSAGE][PASSED] - Text 'admin' is set on object 'Object Repository/Page_Login/input_username'

2018-05-08 22:28:30 - [TEST_STEP][PASSED] - setText: Text 'admin' is set on object 'Object Repository/Page_Login/input_password'

2018-05-08 22:28:31 - [MESSAGE][PASSED] - Text 'admin' is set on object 'Object Repository/Page_Login/input_password'

2018-05-08 22:28:31 - [TEST_STEP][PASSED] - click: Object: 'Object Repository/Page_Product/Page_ProjectBackend/button_Login' is clicked on

2018-05-08 22:28:31 - [MESSAGE][PASSED] - Object: 'Object Repository/Page_Product/Page_ProjectBackend/button_Login' is clicked on

2018-05-08 22:28:31 - [TEST_STEP][PASSED] - verifyElementText: Actual text and expected text of test object 'Object Repository/Page_Product/Page_ProjectBackend/h5_Garden' are matched.

2018-05-08 22:28:32 - [MESSAGE][PASSED] - Actual text and expected text of test object 'Object Repository/Page_Product/Page_ProjectBackend/h5_Garden' are matched.

2018-05-08 22:28:32 - [TEST_STEP][FAILED] - verifyElementText: Verify element text of test object 'Object Repository/Page_Product/Page_ProjectBackend/h5_Banana' FAILED. (Root cause: Actual text 'Banana' and expected text 'Garden' of test object 'Object Repository/Page_Product/Page_ProjectBackend/h5_Banana' are NOT matched.)

2018-05-08 22:28:32 - [MESSAGE][FAILED] - Actual text 'Banana' and expected text 'Garden' of test object 'Object Repository/Page_Product/Page_ProjectBackend/h5_Banana' are NOT matched.
[[ATTACHMENT|C:\\Users\\ASUS\\Katalon Studio\\SE234-project\\Reports\\Test Suite A\\20180508_222822\\1525793312344.png]]

2018-05-08 22:28:32 - [MESSAGE][FAILED] - Verify element text of test object 'Object Repository/Page_Product/Page_ProjectBackend/h5_Banana' FAILED. (Root cause: Actual text 'Banana' and expected text 'Garden' of test object 'Object Repository/Page_Product/Page_ProjectBackend/h5_Banana' are NOT matched.)
[[ATTACHMENT|C:\\Users\\ASUS\\Katalon Studio\\SE234-project\\Reports\\Test Suite A\\20180508_222822\\1525793312607.png]]]]></system-out>
         <system-err><![CDATA[2018-05-08 22:28:23 - [TEST_CASE][FAILED] - Test Cases/TESTCASE-A: Test Cases/TESTCASE-A FAILED because (of) Verify element text of test object 'Object Repository/Page_Product/Page_ProjectBackend/h5_Banana' FAILED. (Root cause: Actual text 'Banana' and expected text 'Garden' of test object 'Object Repository/Page_Product/Page_ProjectBackend/h5_Banana' are NOT matched.)]]></system-err>
      </testcase>
      <testcase name="Test Cases/TESTCASE-A" classname="Test Cases/TESTCASE-A" status="FAILED">
         <failure type="FAILED" message="Verify element text of test object 'Object Repository/Page_Product/Page_ProjectBackend/h5_Garden' FAILED. (Root cause: Actual text 'Garden' and expected text 'Banana' of test object 'Object Repository/Page_Product/Page_ProjectBackend/h5_Garden' are NOT matched.)"/>
         <system-out><![CDATA[2018-05-08 22:28:32 - [TEST_CASE][FAILED] - Test Cases/TESTCASE-A: Test Cases/TESTCASE-A FAILED because (of) Verify element text of test object 'Object Repository/Page_Product/Page_ProjectBackend/h5_Garden' FAILED. (Root cause: Actual text 'Garden' and expected text 'Banana' of test object 'Object Repository/Page_Product/Page_ProjectBackend/h5_Garden' are NOT matched.)

2018-05-08 22:28:32 - [TEST_STEP][PASSED] - openBrowser: Browser is opened with url: ''

2018-05-08 22:28:32 - [MESSAGE][WARNING] - A browser is already opened. Closing browser and opening a new one

2018-05-08 22:28:35 - [MESSAGE][PASSED] - Browser is opened with url: ''

2018-05-08 22:28:35 - [TEST_STEP][PASSED] - navigateToUrl: Navigate to 'http://52.39.163.150:8091/' successfully

2018-05-08 22:28:39 - [MESSAGE][PASSED] - Navigate to 'http://52.39.163.150:8091/' successfully

2018-05-08 22:28:39 - [TEST_STEP][PASSED] - setText: Text 'admin' is set on object 'Object Repository/Page_Login/input_username'

2018-05-08 22:28:39 - [MESSAGE][PASSED] - Text 'admin' is set on object 'Object Repository/Page_Login/input_username'

2018-05-08 22:28:39 - [TEST_STEP][PASSED] - setText: Text 'admin' is set on object 'Object Repository/Page_Login/input_password'

2018-05-08 22:28:39 - [MESSAGE][PASSED] - Text 'admin' is set on object 'Object Repository/Page_Login/input_password'

2018-05-08 22:28:39 - [TEST_STEP][PASSED] - click: Object: 'Object Repository/Page_Product/Page_ProjectBackend/button_Login' is clicked on

2018-05-08 22:28:39 - [MESSAGE][PASSED] - Object: 'Object Repository/Page_Product/Page_ProjectBackend/button_Login' is clicked on

2018-05-08 22:28:39 - [TEST_STEP][FAILED] - verifyElementText: Verify element text of test object 'Object Repository/Page_Product/Page_ProjectBackend/h5_Garden' FAILED. (Root cause: Actual text 'Garden' and expected text 'Banana' of test object 'Object Repository/Page_Product/Page_ProjectBackend/h5_Garden' are NOT matched.)

2018-05-08 22:28:41 - [MESSAGE][FAILED] - Actual text 'Garden' and expected text 'Banana' of test object 'Object Repository/Page_Product/Page_ProjectBackend/h5_Garden' are NOT matched.
[[ATTACHMENT|C:\\Users\\ASUS\\Katalon Studio\\SE234-project\\Reports\\Test Suite A\\20180508_222822\\1525793320901.png]]

2018-05-08 22:28:41 - [MESSAGE][FAILED] - Verify element text of test object 'Object Repository/Page_Product/Page_ProjectBackend/h5_Garden' FAILED. (Root cause: Actual text 'Garden' and expected text 'Banana' of test object 'Object Repository/Page_Product/Page_ProjectBackend/h5_Garden' are NOT matched.)
[[ATTACHMENT|C:\\Users\\ASUS\\Katalon Studio\\SE234-project\\Reports\\Test Suite A\\20180508_222822\\1525793321154.png]]]]></system-out>
         <system-err><![CDATA[2018-05-08 22:28:32 - [TEST_CASE][FAILED] - Test Cases/TESTCASE-A: Test Cases/TESTCASE-A FAILED because (of) Verify element text of test object 'Object Repository/Page_Product/Page_ProjectBackend/h5_Garden' FAILED. (Root cause: Actual text 'Garden' and expected text 'Banana' of test object 'Object Repository/Page_Product/Page_ProjectBackend/h5_Garden' are NOT matched.)]]></system-err>
      </testcase>
      <testcase name="Test Cases/TESTCASE-A" classname="Test Cases/TESTCASE-A" status="FAILED">
         <failure type="FAILED" message="Unable to set text 'admin' of object 'Object Repository/Page_Login/input_username' (Root cause: org.openqa.selenium.NoSuchWindowException: no such window: target window already closed
from unknown error: web view not found
  (Session info: chrome=66.0.3359.139)
  (Driver info: chromedriver=2.35.528161 (5b82f2d2aae0ca24b877009200ced9065a772e73),platform=Windows NT 10.0.16299 x86_64) (WARNING: The server did not provide any stacktrace information)
Command duration or timeout: 0 milliseconds
Build info: version: '3.7.1', revision: '8a0099a', time: '2017-11-06T21:07:36.161Z'
System info: host: 'DESKTOP-FD17HEO', ip: '192.168.0.109', os.name: 'Windows 10', os.arch: 'amd64', os.version: '10.0', java.version: '1.8.0_102'
Driver info: com.kms.katalon.selenium.driver.CChromeDriver
Capabilities {acceptInsecureCerts: false, acceptSslCerts: false, applicationCacheEnabled: false, browserConnectionEnabled: false, browserName: chrome, chrome: {chromedriverVersion: 2.35.528161 (5b82f2d2aae0ca..., userDataDir: C:\Users\ASUS\AppData\Local...}, cssSelectorsEnabled: true, databaseEnabled: false, handlesAlerts: true, hasTouchScreen: false, javascriptEnabled: true, locationContextEnabled: true, mobileEmulationEnabled: false, nativeEvents: true, networkConnectionEnabled: false, pageLoadStrategy: normal, platform: XP, platformName: XP, rotatable: false, setWindowRect: true, takesHeapSnapshot: true, takesScreenshot: true, unexpectedAlertBehaviour: , unhandledPromptBehavior: , version: 66.0.3359.139, webStorageEnabled: true}
Session ID: 51f0c74e993218ffc8d4d332bad7421c
*** Element info: {Using=xpath, value=//input[@name = 'username' and @type = 'text']})"/>
         <system-out><![CDATA[2018-05-08 22:28:41 - [TEST_CASE][FAILED] - Test Cases/TESTCASE-A: Test Cases/TESTCASE-A FAILED because (of) Unable to set text 'admin' of object 'Object Repository/Page_Login/input_username' (Root cause: org.openqa.selenium.NoSuchWindowException: no such window: target window already closed
from unknown error: web view not found
  (Session info: chrome=66.0.3359.139)
  (Driver info: chromedriver=2.35.528161 (5b82f2d2aae0ca24b877009200ced9065a772e73),platform=Windows NT 10.0.16299 x86_64) (WARNING: The server did not provide any stacktrace information)
Command duration or timeout: 0 milliseconds
Build info: version: '3.7.1', revision: '8a0099a', time: '2017-11-06T21:07:36.161Z'
System info: host: 'DESKTOP-FD17HEO', ip: '192.168.0.109', os.name: 'Windows 10', os.arch: 'amd64', os.version: '10.0', java.version: '1.8.0_102'
Driver info: com.kms.katalon.selenium.driver.CChromeDriver
Capabilities {acceptInsecureCerts: false, acceptSslCerts: false, applicationCacheEnabled: false, browserConnectionEnabled: false, browserName: chrome, chrome: {chromedriverVersion: 2.35.528161 (5b82f2d2aae0ca..., userDataDir: C:\Users\ASUS\AppData\Local...}, cssSelectorsEnabled: true, databaseEnabled: false, handlesAlerts: true, hasTouchScreen: false, javascriptEnabled: true, locationContextEnabled: true, mobileEmulationEnabled: false, nativeEvents: true, networkConnectionEnabled: false, pageLoadStrategy: normal, platform: XP, platformName: XP, rotatable: false, setWindowRect: true, takesHeapSnapshot: true, takesScreenshot: true, unexpectedAlertBehaviour: , unhandledPromptBehavior: , version: 66.0.3359.139, webStorageEnabled: true}
Session ID: 51f0c74e993218ffc8d4d332bad7421c
*** Element info: {Using=xpath, value=//input[@name = 'username' and @type = 'text']})

2018-05-08 22:28:41 - [TEST_STEP][PASSED] - openBrowser: Browser is opened with url: ''

2018-05-08 22:28:41 - [MESSAGE][WARNING] - A browser is already opened. Closing browser and opening a new one

2018-05-08 22:28:44 - [MESSAGE][PASSED] - Browser is opened with url: ''

2018-05-08 22:28:44 - [TEST_STEP][PASSED] - navigateToUrl: Navigate to 'http://52.39.163.150:8091/' successfully

2018-05-08 22:28:45 - [MESSAGE][PASSED] - Navigate to 'http://52.39.163.150:8091/' successfully

2018-05-08 22:28:45 - [TEST_STEP][FAILED] - setText: Unable to set text 'admin' of object 'Object Repository/Page_Login/input_username' (Root cause: org.openqa.selenium.NoSuchWindowException: no such window: target window already closed
from unknown error: web view not found
  (Session info: chrome=66.0.3359.139)
  (Driver info: chromedriver=2.35.528161 (5b82f2d2aae0ca24b877009200ced9065a772e73),platform=Windows NT 10.0.16299 x86_64) (WARNING: The server did not provide any stacktrace information)
Command duration or timeout: 0 milliseconds
Build info: version: '3.7.1', revision: '8a0099a', time: '2017-11-06T21:07:36.161Z'
System info: host: 'DESKTOP-FD17HEO', ip: '192.168.0.109', os.name: 'Windows 10', os.arch: 'amd64', os.version: '10.0', java.version: '1.8.0_102'
Driver info: com.kms.katalon.selenium.driver.CChromeDriver
Capabilities {acceptInsecureCerts: false, acceptSslCerts: false, applicationCacheEnabled: false, browserConnectionEnabled: false, browserName: chrome, chrome: {chromedriverVersion: 2.35.528161 (5b82f2d2aae0ca..., userDataDir: C:\Users\ASUS\AppData\Local...}, cssSelectorsEnabled: true, databaseEnabled: false, handlesAlerts: true, hasTouchScreen: false, javascriptEnabled: true, locationContextEnabled: true, mobileEmulationEnabled: false, nativeEvents: true, networkConnectionEnabled: false, pageLoadStrategy: normal, platform: XP, platformName: XP, rotatable: false, setWindowRect: true, takesHeapSnapshot: true, takesScreenshot: true, unexpectedAlertBehaviour: , unhandledPromptBehavior: , version: 66.0.3359.139, webStorageEnabled: true}
Session ID: 51f0c74e993218ffc8d4d332bad7421c
*** Element info: {Using=xpath, value=//input[@name = 'username' and @type = 'text']})

2018-05-08 22:28:45 - [MESSAGE][WARNING] - Cannot take screenshot

2018-05-08 22:28:45 - [MESSAGE][FAILED] - Unable to set text 'admin' of object 'Object Repository/Page_Login/input_username' (Root cause: org.openqa.selenium.NoSuchWindowException: no such window: target window already closed
from unknown error: web view not found
  (Session info: chrome=66.0.3359.139)
  (Driver info: chromedriver=2.35.528161 (5b82f2d2aae0ca24b877009200ced9065a772e73),platform=Windows NT 10.0.16299 x86_64) (WARNING: The server did not provide any stacktrace information)
Command duration or timeout: 0 milliseconds
Build info: version: '3.7.1', revision: '8a0099a', time: '2017-11-06T21:07:36.161Z'
System info: host: 'DESKTOP-FD17HEO', ip: '192.168.0.109', os.name: 'Windows 10', os.arch: 'amd64', os.version: '10.0', java.version: '1.8.0_102'
Driver info: com.kms.katalon.selenium.driver.CChromeDriver
Capabilities {acceptInsecureCerts: false, acceptSslCerts: false, applicationCacheEnabled: false, browserConnectionEnabled: false, browserName: chrome, chrome: {chromedriverVersion: 2.35.528161 (5b82f2d2aae0ca..., userDataDir: C:\Users\ASUS\AppData\Local...}, cssSelectorsEnabled: true, databaseEnabled: false, handlesAlerts: true, hasTouchScreen: false, javascriptEnabled: true, locationContextEnabled: true, mobileEmulationEnabled: false, nativeEvents: true, networkConnectionEnabled: false, pageLoadStrategy: normal, platform: XP, platformName: XP, rotatable: false, setWindowRect: true, takesHeapSnapshot: true, takesScreenshot: true, unexpectedAlertBehaviour: , unhandledPromptBehavior: , version: 66.0.3359.139, webStorageEnabled: true}
Session ID: 51f0c74e993218ffc8d4d332bad7421c
*** Element info: {Using=xpath, value=//input[@name = 'username' and @type = 'text']})]]></system-out>
         <system-err><![CDATA[2018-05-08 22:28:41 - [TEST_CASE][FAILED] - Test Cases/TESTCASE-A: Test Cases/TESTCASE-A FAILED because (of) Unable to set text 'admin' of object 'Object Repository/Page_Login/input_username' (Root cause: org.openqa.selenium.NoSuchWindowException: no such window: target window already closed
from unknown error: web view not found
  (Session info: chrome=66.0.3359.139)
  (Driver info: chromedriver=2.35.528161 (5b82f2d2aae0ca24b877009200ced9065a772e73),platform=Windows NT 10.0.16299 x86_64) (WARNING: The server did not provide any stacktrace information)
Command duration or timeout: 0 milliseconds
Build info: version: '3.7.1', revision: '8a0099a', time: '2017-11-06T21:07:36.161Z'
System info: host: 'DESKTOP-FD17HEO', ip: '192.168.0.109', os.name: 'Windows 10', os.arch: 'amd64', os.version: '10.0', java.version: '1.8.0_102'
Driver info: com.kms.katalon.selenium.driver.CChromeDriver
Capabilities {acceptInsecureCerts: false, acceptSslCerts: false, applicationCacheEnabled: false, browserConnectionEnabled: false, browserName: chrome, chrome: {chromedriverVersion: 2.35.528161 (5b82f2d2aae0ca..., userDataDir: C:\Users\ASUS\AppData\Local...}, cssSelectorsEnabled: true, databaseEnabled: false, handlesAlerts: true, hasTouchScreen: false, javascriptEnabled: true, locationContextEnabled: true, mobileEmulationEnabled: false, nativeEvents: true, networkConnectionEnabled: false, pageLoadStrategy: normal, platform: XP, platformName: XP, rotatable: false, setWindowRect: true, takesHeapSnapshot: true, takesScreenshot: true, unexpectedAlertBehaviour: , unhandledPromptBehavior: , version: 66.0.3359.139, webStorageEnabled: true}
Session ID: 51f0c74e993218ffc8d4d332bad7421c
*** Element info: {Using=xpath, value=//input[@name = 'username' and @type = 'text']})]]></system-err>
      </testcase>
      <testcase name="Test Cases/TESTCASE-A" classname="Test Cases/TESTCASE-A" status="FAILED">
         <failure type="FAILED" message="Unable to open browser with url: '' (Root cause: org.openqa.selenium.SessionNotCreatedException: session not created exception
from chrome not reachable
  (Session info: chrome=66.0.3359.139)
  (Driver info: chromedriver=2.35.528161 (5b82f2d2aae0ca24b877009200ced9065a772e73),platform=Windows NT 10.0.16299 x86_64) (WARNING: The server did not provide any stacktrace information)
Command duration or timeout: 3.48 seconds
Build info: version: '3.7.1', revision: '8a0099a', time: '2017-11-06T21:07:36.161Z'
System info: host: 'DESKTOP-FD17HEO', ip: '192.168.0.109', os.name: 'Windows 10', os.arch: 'amd64', os.version: '10.0', java.version: '1.8.0_102'
Driver info: driver.version: CChromeDriver)"/>
         <system-out><![CDATA[2018-05-08 22:28:45 - [TEST_CASE][FAILED] - Test Cases/TESTCASE-A: Test Cases/TESTCASE-A FAILED because (of) Unable to open browser with url: '' (Root cause: org.openqa.selenium.SessionNotCreatedException: session not created exception
from chrome not reachable
  (Session info: chrome=66.0.3359.139)
  (Driver info: chromedriver=2.35.528161 (5b82f2d2aae0ca24b877009200ced9065a772e73),platform=Windows NT 10.0.16299 x86_64) (WARNING: The server did not provide any stacktrace information)
Command duration or timeout: 3.48 seconds
Build info: version: '3.7.1', revision: '8a0099a', time: '2017-11-06T21:07:36.161Z'
System info: host: 'DESKTOP-FD17HEO', ip: '192.168.0.109', os.name: 'Windows 10', os.arch: 'amd64', os.version: '10.0', java.version: '1.8.0_102'
Driver info: driver.version: CChromeDriver)

2018-05-08 22:28:45 - [TEST_STEP][FAILED] - openBrowser: Unable to open browser with url: '' (Root cause: org.openqa.selenium.SessionNotCreatedException: session not created exception
from chrome not reachable
  (Session info: chrome=66.0.3359.139)
  (Driver info: chromedriver=2.35.528161 (5b82f2d2aae0ca24b877009200ced9065a772e73),platform=Windows NT 10.0.16299 x86_64) (WARNING: The server did not provide any stacktrace information)
Command duration or timeout: 3.48 seconds
Build info: version: '3.7.1', revision: '8a0099a', time: '2017-11-06T21:07:36.161Z'
System info: host: 'DESKTOP-FD17HEO', ip: '192.168.0.109', os.name: 'Windows 10', os.arch: 'amd64', os.version: '10.0', java.version: '1.8.0_102'
Driver info: driver.version: CChromeDriver)

2018-05-08 22:28:45 - [MESSAGE][WARNING] - A browser is already opened. Closing browser and opening a new one

2018-05-08 22:28:49 - [MESSAGE][FAILED] - Unable to open browser with url: '' (Root cause: org.openqa.selenium.SessionNotCreatedException: session not created exception
from chrome not reachable
  (Session info: chrome=66.0.3359.139)
  (Driver info: chromedriver=2.35.528161 (5b82f2d2aae0ca24b877009200ced9065a772e73),platform=Windows NT 10.0.16299 x86_64) (WARNING: The server did not provide any stacktrace information)
Command duration or timeout: 3.48 seconds
Build info: version: '3.7.1', revision: '8a0099a', time: '2017-11-06T21:07:36.161Z'
System info: host: 'DESKTOP-FD17HEO', ip: '192.168.0.109', os.name: 'Windows 10', os.arch: 'amd64', os.version: '10.0', java.version: '1.8.0_102'
Driver info: driver.version: CChromeDriver)]]></system-out>
         <system-err><![CDATA[2018-05-08 22:28:45 - [TEST_CASE][FAILED] - Test Cases/TESTCASE-A: Test Cases/TESTCASE-A FAILED because (of) Unable to open browser with url: '' (Root cause: org.openqa.selenium.SessionNotCreatedException: session not created exception
from chrome not reachable
  (Session info: chrome=66.0.3359.139)
  (Driver info: chromedriver=2.35.528161 (5b82f2d2aae0ca24b877009200ced9065a772e73),platform=Windows NT 10.0.16299 x86_64) (WARNING: The server did not provide any stacktrace information)
Command duration or timeout: 3.48 seconds
Build info: version: '3.7.1', revision: '8a0099a', time: '2017-11-06T21:07:36.161Z'
System info: host: 'DESKTOP-FD17HEO', ip: '192.168.0.109', os.name: 'Windows 10', os.arch: 'amd64', os.version: '10.0', java.version: '1.8.0_102'
Driver info: driver.version: CChromeDriver)]]></system-err>
      </testcase>
      <testcase name="Test Cases/TESTCASE-A" classname="Test Cases/TESTCASE-A" status="FAILED">
         <failure type="FAILED" message="Unable to navigate to 'http://52.39.163.150:8091/' (Root cause: org.openqa.selenium.WebDriverException: unknown error: cannot determine loading status
from unknown error: cannot determine loading status
from disconnected: received Inspector.detached event
  (Session info: chrome=66.0.3359.139)
  (Driver info: chromedriver=2.35.528161 (5b82f2d2aae0ca24b877009200ced9065a772e73),platform=Windows NT 10.0.16299 x86_64) (WARNING: The server did not provide any stacktrace information)
Command duration or timeout: 0 milliseconds
Build info: version: '3.7.1', revision: '8a0099a', time: '2017-11-06T21:07:36.161Z'
System info: host: 'DESKTOP-FD17HEO', ip: '192.168.0.109', os.name: 'Windows 10', os.arch: 'amd64', os.version: '10.0', java.version: '1.8.0_102'
Driver info: com.kms.katalon.selenium.driver.CChromeDriver
Capabilities {acceptInsecureCerts: false, acceptSslCerts: false, applicationCacheEnabled: false, browserConnectionEnabled: false, browserName: chrome, chrome: {chromedriverVersion: 2.35.528161 (5b82f2d2aae0ca..., userDataDir: C:\Users\ASUS\AppData\Local...}, cssSelectorsEnabled: true, databaseEnabled: false, handlesAlerts: true, hasTouchScreen: false, javascriptEnabled: true, locationContextEnabled: true, mobileEmulationEnabled: false, nativeEvents: true, networkConnectionEnabled: false, pageLoadStrategy: normal, platform: XP, platformName: XP, rotatable: false, setWindowRect: true, takesHeapSnapshot: true, takesScreenshot: true, unexpectedAlertBehaviour: , unhandledPromptBehavior: , version: 66.0.3359.139, webStorageEnabled: true}
Session ID: 15ed7833be1c2b3239760cbff3a9427d)"/>
         <system-out><![CDATA[2018-05-08 22:28:49 - [TEST_CASE][FAILED] - Test Cases/TESTCASE-A: Test Cases/TESTCASE-A FAILED because (of) Unable to navigate to 'http://52.39.163.150:8091/' (Root cause: org.openqa.selenium.WebDriverException: unknown error: cannot determine loading status
from unknown error: cannot determine loading status
from disconnected: received Inspector.detached event
  (Session info: chrome=66.0.3359.139)
  (Driver info: chromedriver=2.35.528161 (5b82f2d2aae0ca24b877009200ced9065a772e73),platform=Windows NT 10.0.16299 x86_64) (WARNING: The server did not provide any stacktrace information)
Command duration or timeout: 0 milliseconds
Build info: version: '3.7.1', revision: '8a0099a', time: '2017-11-06T21:07:36.161Z'
System info: host: 'DESKTOP-FD17HEO', ip: '192.168.0.109', os.name: 'Windows 10', os.arch: 'amd64', os.version: '10.0', java.version: '1.8.0_102'
Driver info: com.kms.katalon.selenium.driver.CChromeDriver
Capabilities {acceptInsecureCerts: false, acceptSslCerts: false, applicationCacheEnabled: false, browserConnectionEnabled: false, browserName: chrome, chrome: {chromedriverVersion: 2.35.528161 (5b82f2d2aae0ca..., userDataDir: C:\Users\ASUS\AppData\Local...}, cssSelectorsEnabled: true, databaseEnabled: false, handlesAlerts: true, hasTouchScreen: false, javascriptEnabled: true, locationContextEnabled: true, mobileEmulationEnabled: false, nativeEvents: true, networkConnectionEnabled: false, pageLoadStrategy: normal, platform: XP, platformName: XP, rotatable: false, setWindowRect: true, takesHeapSnapshot: true, takesScreenshot: true, unexpectedAlertBehaviour: , unhandledPromptBehavior: , version: 66.0.3359.139, webStorageEnabled: true}
Session ID: 15ed7833be1c2b3239760cbff3a9427d)

2018-05-08 22:28:49 - [TEST_STEP][PASSED] - openBrowser: Browser is opened with url: ''

2018-05-08 22:28:51 - [MESSAGE][PASSED] - Browser is opened with url: ''

2018-05-08 22:28:51 - [TEST_STEP][FAILED] - navigateToUrl: Unable to navigate to 'http://52.39.163.150:8091/' (Root cause: org.openqa.selenium.WebDriverException: unknown error: cannot determine loading status
from unknown error: cannot determine loading status
from disconnected: received Inspector.detached event
  (Session info: chrome=66.0.3359.139)
  (Driver info: chromedriver=2.35.528161 (5b82f2d2aae0ca24b877009200ced9065a772e73),platform=Windows NT 10.0.16299 x86_64) (WARNING: The server did not provide any stacktrace information)
Command duration or timeout: 0 milliseconds
Build info: version: '3.7.1', revision: '8a0099a', time: '2017-11-06T21:07:36.161Z'
System info: host: 'DESKTOP-FD17HEO', ip: '192.168.0.109', os.name: 'Windows 10', os.arch: 'amd64', os.version: '10.0', java.version: '1.8.0_102'
Driver info: com.kms.katalon.selenium.driver.CChromeDriver
Capabilities {acceptInsecureCerts: false, acceptSslCerts: false, applicationCacheEnabled: false, browserConnectionEnabled: false, browserName: chrome, chrome: {chromedriverVersion: 2.35.528161 (5b82f2d2aae0ca..., userDataDir: C:\Users\ASUS\AppData\Local...}, cssSelectorsEnabled: true, databaseEnabled: false, handlesAlerts: true, hasTouchScreen: false, javascriptEnabled: true, locationContextEnabled: true, mobileEmulationEnabled: false, nativeEvents: true, networkConnectionEnabled: false, pageLoadStrategy: normal, platform: XP, platformName: XP, rotatable: false, setWindowRect: true, takesHeapSnapshot: true, takesScreenshot: true, unexpectedAlertBehaviour: , unhandledPromptBehavior: , version: 66.0.3359.139, webStorageEnabled: true}
Session ID: 15ed7833be1c2b3239760cbff3a9427d)

2018-05-08 22:28:56 - [MESSAGE][WARNING] - Cannot take screenshot

2018-05-08 22:28:56 - [MESSAGE][FAILED] - Unable to navigate to 'http://52.39.163.150:8091/' (Root cause: org.openqa.selenium.WebDriverException: unknown error: cannot determine loading status
from unknown error: cannot determine loading status
from disconnected: received Inspector.detached event
  (Session info: chrome=66.0.3359.139)
  (Driver info: chromedriver=2.35.528161 (5b82f2d2aae0ca24b877009200ced9065a772e73),platform=Windows NT 10.0.16299 x86_64) (WARNING: The server did not provide any stacktrace information)
Command duration or timeout: 0 milliseconds
Build info: version: '3.7.1', revision: '8a0099a', time: '2017-11-06T21:07:36.161Z'
System info: host: 'DESKTOP-FD17HEO', ip: '192.168.0.109', os.name: 'Windows 10', os.arch: 'amd64', os.version: '10.0', java.version: '1.8.0_102'
Driver info: com.kms.katalon.selenium.driver.CChromeDriver
Capabilities {acceptInsecureCerts: false, acceptSslCerts: false, applicationCacheEnabled: false, browserConnectionEnabled: false, browserName: chrome, chrome: {chromedriverVersion: 2.35.528161 (5b82f2d2aae0ca..., userDataDir: C:\Users\ASUS\AppData\Local...}, cssSelectorsEnabled: true, databaseEnabled: false, handlesAlerts: true, hasTouchScreen: false, javascriptEnabled: true, locationContextEnabled: true, mobileEmulationEnabled: false, nativeEvents: true, networkConnectionEnabled: false, pageLoadStrategy: normal, platform: XP, platformName: XP, rotatable: false, setWindowRect: true, takesHeapSnapshot: true, takesScreenshot: true, unexpectedAlertBehaviour: , unhandledPromptBehavior: , version: 66.0.3359.139, webStorageEnabled: true}
Session ID: 15ed7833be1c2b3239760cbff3a9427d)]]></system-out>
         <system-err><![CDATA[2018-05-08 22:28:49 - [TEST_CASE][FAILED] - Test Cases/TESTCASE-A: Test Cases/TESTCASE-A FAILED because (of) Unable to navigate to 'http://52.39.163.150:8091/' (Root cause: org.openqa.selenium.WebDriverException: unknown error: cannot determine loading status
from unknown error: cannot determine loading status
from disconnected: received Inspector.detached event
  (Session info: chrome=66.0.3359.139)
  (Driver info: chromedriver=2.35.528161 (5b82f2d2aae0ca24b877009200ced9065a772e73),platform=Windows NT 10.0.16299 x86_64) (WARNING: The server did not provide any stacktrace information)
Command duration or timeout: 0 milliseconds
Build info: version: '3.7.1', revision: '8a0099a', time: '2017-11-06T21:07:36.161Z'
System info: host: 'DESKTOP-FD17HEO', ip: '192.168.0.109', os.name: 'Windows 10', os.arch: 'amd64', os.version: '10.0', java.version: '1.8.0_102'
Driver info: com.kms.katalon.selenium.driver.CChromeDriver
Capabilities {acceptInsecureCerts: false, acceptSslCerts: false, applicationCacheEnabled: false, browserConnectionEnabled: false, browserName: chrome, chrome: {chromedriverVersion: 2.35.528161 (5b82f2d2aae0ca..., userDataDir: C:\Users\ASUS\AppData\Local...}, cssSelectorsEnabled: true, databaseEnabled: false, handlesAlerts: true, hasTouchScreen: false, javascriptEnabled: true, locationContextEnabled: true, mobileEmulationEnabled: false, nativeEvents: true, networkConnectionEnabled: false, pageLoadStrategy: normal, platform: XP, platformName: XP, rotatable: false, setWindowRect: true, takesHeapSnapshot: true, takesScreenshot: true, unexpectedAlertBehaviour: , unhandledPromptBehavior: , version: 66.0.3359.139, webStorageEnabled: true}
Session ID: 15ed7833be1c2b3239760cbff3a9427d)]]></system-err>
      </testcase>
      <system-out><![CDATA[2018-05-08 22:28:23 - [TEST_SUITE][FAILED] - Test Suite A: Test Cases/TESTCASE-A FAILED because (of) Verify element text of test object 'Object Repository/Page_Product/Page_ProjectBackend/h5_Banana' FAILED. (Root cause: Actual text 'Banana' and expected text 'Garden' of test object 'Object Repository/Page_Product/Page_ProjectBackend/h5_Banana' are NOT matched.)]]></system-out>
      <system-err><![CDATA[2018-05-08 22:28:23 - [TEST_SUITE][FAILED] - Test Suite A: Test Cases/TESTCASE-A FAILED because (of) Verify element text of test object 'Object Repository/Page_Product/Page_ProjectBackend/h5_Banana' FAILED. (Root cause: Actual text 'Banana' and expected text 'Garden' of test object 'Object Repository/Page_Product/Page_ProjectBackend/h5_Banana' are NOT matched.)]]></system-err>
   </testsuite>
</testsuites>
