<?xml version="1.0" encoding="UTF-8"?>
<testsuites name="TestCheckTransacation" time="27" tests="0" failures="1" errors="0">
   <testsuite name="TestCheckTransacation" tests="0" failures="1" errors="0" time="27" timestamp="2018-05-09 14:38:23" hostname="weapon - 10.80.153.230" id="Test Suites/TestCheckTransacation">
      <properties>
         <property name="deviceName" value=""/>
         <property name="devicePlatform" value=""/>
         <property name="logFolder" value="C:\\Users\\weapon\\Desktop\\SE234-project\\Reports\\TestCheckTransacation\\20180509_143820"/>
         <property name="logFiles" value="C:\\Users\\weapon\\Desktop\\SE234-project\\Reports\\TestCheckTransacation\\20180509_143820\\execution0.log"/>
         <property name="attachments" value="C:\\Users\\weapon\\Desktop\\SE234-project\\Reports\\TestCheckTransacation\\20180509_143820\\1525851529073.png, C:\\Users\\weapon\\Desktop\\SE234-project\\Reports\\TestCheckTransacation\\20180509_143820\\1525851529476.png"/>
         <property name="hostName" value="weapon - 10.80.153.230"/>
         <property name="os" value="Windows 10 64bit"/>
         <property name="katalonVersion" value="5.3.1.1"/>
         <property name="browser" value="Chrome 65.0.3325.181"/>
         <property name="hostAddress" value="10.80.153.230"/>
         <property name="sessionId" value="b1c96ef2bad3d2a2e0c615f2ca659201"/>
         <property name="seleniumVersion" value="3.7.1"/>
         <property name="proxyInformation" value="ProxyInformation{proxyOption=NO_PROXY, proxyServerType=HTTP, password=, proxyServerAddress=, proxyServerPort=0}"/>
         <property name="platform" value="Windows 10"/>
      </properties>
      <testcase name="Test Cases/TESTCASE-C" classname="Test Cases/TESTCASE-C" status="FAILED">
         <failure type="FAILED" message="Verify element text of test object 'Object Repository/Page_CheckTransacationAfterAddProducts/td_40000 THB' FAILED. (Root cause: Actual text '40,000 THB' and expected text '40000 THB' of test object 'Object Repository/Page_CheckTransacationAfterAddProducts/td_40000 THB' are NOT matched.)"/>
         <system-out><![CDATA[2018-05-09 14:38:23 - [TEST_CASE][FAILED] - Test Cases/TESTCASE-C: Test Cases/TESTCASE-C FAILED because (of) Verify element text of test object 'Object Repository/Page_CheckTransacationAfterAddProducts/td_40000 THB' FAILED. (Root cause: Actual text '40,000 THB' and expected text '40000 THB' of test object 'Object Repository/Page_CheckTransacationAfterAddProducts/td_40000 THB' are NOT matched.)

2018-05-09 14:38:24 - [TEST_STEP][PASSED] - openBrowser: Browser is opened with url: ''

2018-05-09 14:38:29 - [MESSAGE][PASSED] - Browser is opened with url: ''

2018-05-09 14:38:29 - [TEST_STEP][PASSED] - navigateToUrl: Navigate to 'http://52.39.163.150:8091/' successfully

2018-05-09 14:38:43 - [MESSAGE][PASSED] - Navigate to 'http://52.39.163.150:8091/' successfully

2018-05-09 14:38:43 - [TEST_STEP][PASSED] - setText: Text 'user' is set on object 'Object Repository/Page_CheckTransacationAfterAddProducts/input_username'

2018-05-09 14:38:44 - [MESSAGE][PASSED] - Text 'user' is set on object 'Object Repository/Page_CheckTransacationAfterAddProducts/input_username'

2018-05-09 14:38:44 - [TEST_STEP][PASSED] - setText: Text 'user' is set on object 'Object Repository/Page_CheckTransacationAfterAddProducts/input_password'

2018-05-09 14:38:44 - [MESSAGE][PASSED] - Text 'user' is set on object 'Object Repository/Page_CheckTransacationAfterAddProducts/input_password'

2018-05-09 14:38:44 - [TEST_STEP][PASSED] - click: Object: 'Object Repository/Page_CheckTransacationAfterAddProducts/button_Login' is clicked on

2018-05-09 14:38:44 - [MESSAGE][PASSED] - Object: 'Object Repository/Page_CheckTransacationAfterAddProducts/button_Login' is clicked on

2018-05-09 14:38:44 - [TEST_STEP][PASSED] - verifyElementText: Actual text and expected text of test object 'Object Repository/Page_CheckTransacationAfterAddProducts/h5_Garden' are matched.

2018-05-09 14:38:45 - [MESSAGE][PASSED] - Actual text and expected text of test object 'Object Repository/Page_CheckTransacationAfterAddProducts/h5_Garden' are matched.

2018-05-09 14:38:45 - [TEST_STEP][PASSED] - click: Object: 'Object Repository/Page_CheckTransacationAfterAddProducts/button_add to cart' is clicked on

2018-05-09 14:38:46 - [MESSAGE][PASSED] - Object: 'Object Repository/Page_CheckTransacationAfterAddProducts/button_add to cart' is clicked on

2018-05-09 14:38:46 - [TEST_STEP][PASSED] - click: Object: 'Object Repository/Page_CheckTransacationAfterAddProducts/a_Carts            1' is clicked on

2018-05-09 14:38:46 - [MESSAGE][PASSED] - Object: 'Object Repository/Page_CheckTransacationAfterAddProducts/a_Carts            1' is clicked on

2018-05-09 14:38:46 - [TEST_STEP][PASSED] - verifyElementText: Actual text and expected text of test object 'Object Repository/Page_CheckTransacationAfterAddProducts/td_Garden' are matched.

2018-05-09 14:38:46 - [MESSAGE][PASSED] - Actual text and expected text of test object 'Object Repository/Page_CheckTransacationAfterAddProducts/td_Garden' are matched.

2018-05-09 14:38:46 - [TEST_STEP][PASSED] - setText: Text '2' is set on object 'Object Repository/Page_CheckTransacationAfterAddProducts/input_amount'

2018-05-09 14:38:46 - [MESSAGE][PASSED] - Text '2' is set on object 'Object Repository/Page_CheckTransacationAfterAddProducts/input_amount'

2018-05-09 14:38:46 - [TEST_STEP][PASSED] - click: Object: 'Object Repository/Page_CheckTransacationAfterAddProducts/button_confirm' is clicked on

2018-05-09 14:38:46 - [MESSAGE][PASSED] - Object: 'Object Repository/Page_CheckTransacationAfterAddProducts/button_confirm' is clicked on

2018-05-09 14:38:46 - [TEST_STEP][PASSED] - acceptAlert: Alert accepted

2018-05-09 14:38:46 - [MESSAGE][PASSED] - Alert accepted

2018-05-09 14:38:46 - [TEST_STEP][PASSED] - click: Object: 'Object Repository/Page_CheckTransacationAfterAddProducts/button_Logout' is clicked on

2018-05-09 14:38:47 - [MESSAGE][PASSED] - Object: 'Object Repository/Page_CheckTransacationAfterAddProducts/button_Logout' is clicked on

2018-05-09 14:38:47 - [TEST_STEP][PASSED] - waitForPageLoad: Wait for page load successfully

2018-05-09 14:38:47 - [MESSAGE][WARNING] - Timeout '0' is invalid. Using default page load timeout: '30'

2018-05-09 14:38:47 - [MESSAGE][PASSED] - Wait for page load successfully

2018-05-09 14:38:47 - [TEST_STEP][PASSED] - setText: Text 'admin' is set on object 'Object Repository/Page_CheckTransacationAfterAddProducts/input_username'

2018-05-09 14:38:47 - [MESSAGE][PASSED] - Text 'admin' is set on object 'Object Repository/Page_CheckTransacationAfterAddProducts/input_username'

2018-05-09 14:38:47 - [TEST_STEP][PASSED] - setText: Text 'admin' is set on object 'Object Repository/Page_CheckTransacationAfterAddProducts/input_password'

2018-05-09 14:38:47 - [MESSAGE][PASSED] - Text 'admin' is set on object 'Object Repository/Page_CheckTransacationAfterAddProducts/input_password'

2018-05-09 14:38:47 - [TEST_STEP][PASSED] - click: Object: 'Object Repository/Page_CheckTransacationAfterAddProducts/button_Login' is clicked on

2018-05-09 14:38:48 - [MESSAGE][PASSED] - Object: 'Object Repository/Page_CheckTransacationAfterAddProducts/button_Login' is clicked on

2018-05-09 14:38:48 - [TEST_STEP][PASSED] - click: Object: 'Object Repository/Page_CheckTransacationAfterAddProducts/a_Total Transaction' is clicked on

2018-05-09 14:38:48 - [MESSAGE][PASSED] - Object: 'Object Repository/Page_CheckTransacationAfterAddProducts/a_Total Transaction' is clicked on

2018-05-09 14:38:48 - [TEST_STEP][PASSED] - verifyElementText: Actual text and expected text of test object 'Object Repository/Page_CheckTransacationAfterAddProducts/td_Garden' are matched.

2018-05-09 14:38:48 - [MESSAGE][PASSED] - Actual text and expected text of test object 'Object Repository/Page_CheckTransacationAfterAddProducts/td_Garden' are matched.

2018-05-09 14:38:48 - [TEST_STEP][FAILED] - verifyElementText: Verify element text of test object 'Object Repository/Page_CheckTransacationAfterAddProducts/td_40000 THB' FAILED. (Root cause: Actual text '40,000 THB' and expected text '40000 THB' of test object 'Object Repository/Page_CheckTransacationAfterAddProducts/td_40000 THB' are NOT matched.)

2018-05-09 14:38:49 - [MESSAGE][FAILED] - Actual text '40,000 THB' and expected text '40000 THB' of test object 'Object Repository/Page_CheckTransacationAfterAddProducts/td_40000 THB' are NOT matched.
[[ATTACHMENT|C:\\Users\\weapon\\Desktop\\SE234-project\\Reports\\TestCheckTransacation\\20180509_143820\\1525851529073.png]]

2018-05-09 14:38:49 - [MESSAGE][FAILED] - Verify element text of test object 'Object Repository/Page_CheckTransacationAfterAddProducts/td_40000 THB' FAILED. (Root cause: Actual text '40,000 THB' and expected text '40000 THB' of test object 'Object Repository/Page_CheckTransacationAfterAddProducts/td_40000 THB' are NOT matched.)
[[ATTACHMENT|C:\\Users\\weapon\\Desktop\\SE234-project\\Reports\\TestCheckTransacation\\20180509_143820\\1525851529476.png]]]]></system-out>
         <system-err><![CDATA[2018-05-09 14:38:23 - [TEST_CASE][FAILED] - Test Cases/TESTCASE-C: Test Cases/TESTCASE-C FAILED because (of) Verify element text of test object 'Object Repository/Page_CheckTransacationAfterAddProducts/td_40000 THB' FAILED. (Root cause: Actual text '40,000 THB' and expected text '40000 THB' of test object 'Object Repository/Page_CheckTransacationAfterAddProducts/td_40000 THB' are NOT matched.)]]></system-err>
      </testcase>
      <system-out><![CDATA[2018-05-09 14:38:23 - [TEST_SUITE][FAILED] - TestCheckTransacation: Test Cases/TESTCASE-C FAILED because (of) Verify element text of test object 'Object Repository/Page_CheckTransacationAfterAddProducts/td_40000 THB' FAILED. (Root cause: Actual text '40,000 THB' and expected text '40000 THB' of test object 'Object Repository/Page_CheckTransacationAfterAddProducts/td_40000 THB' are NOT matched.)]]></system-out>
      <system-err><![CDATA[2018-05-09 14:38:23 - [TEST_SUITE][FAILED] - TestCheckTransacation: Test Cases/TESTCASE-C FAILED because (of) Verify element text of test object 'Object Repository/Page_CheckTransacationAfterAddProducts/td_40000 THB' FAILED. (Root cause: Actual text '40,000 THB' and expected text '40000 THB' of test object 'Object Repository/Page_CheckTransacationAfterAddProducts/td_40000 THB' are NOT matched.)]]></system-err>
   </testsuite>
</testsuites>
